0x434,21,67,14,00,05,03,00,63,
0x242,00,23,21,51,CF,00,00,01,
0x085,6A,22,00,00,CA,A0,6A,35,
0x469,00,00,00,00,00,00,00,00,
0x165,20,C0,00,00,00,00,00,00,
0x332,00,51,B7,5D,14,00,00,00,
0x3D4,FF,C1,FE,FF,DF,E0,00,00,
0x085,6A,22,00,00,C9,B0,6A,35,
0x171,15,40,A0,00,00,00,00,00,
0x333,00,18,00,00,00,00,00,00,
0x041,00,00,00,00,00,00,00,00,
0x085,6A,22,00,00,C8,C0,6A,35,
0x230,00,04,00,00,90,00,00,00,
0x455,00,00,00,00,00,00,00,00,
0x082,80,00,14,3C,8B,00,40,FF,
0x085,6A,22,00,00,C7,D0,6A,35,
0x076,3E,6D,C0,00,0F,FF,00,00,
0x41D,00,00,00,00,00,00,00,00,
0x085,6A,22,00,00,C6,E0,6A,35,
0x171,15,40,A0,00,00,00,00,00,
0x217,00,00,00,00,00,00,00,00,
0x42C,00,40,00,00,49,D0,00,00,
0x085,6A,22,00,00,C5,F0,6A,35,
0x167,72,7F,FB,10,00,19,F5,00,
0x217,00,00,00,00,00,00,00,00,
0x085,6A,22,00,00,D4,00,6A,35,
0x091,7E,F7,7F,01,4A,BA,F0,00,
0x217,00,00,00,00,00,00,00,00,
0x3D4,FF,C1,FE,FF,DF,E0,00,00,
0x085,6A,22,00,00,D3,10,6A,35,
0x167,72,7F,FB,10,00,19,F5,00,
0x214,6F,66,00,00,00,00,27,30,
0x242,00,23,21,55,CF,00,00,01,
0x085,6A,22,00,00,D2,20,6A,35,
0x200,00,00,7F,FF,7F,FF,00,00,
0x43D,00,34,78,64,00,00,00,00,
0x435,28,20,18,9D,53,20,09,42,
0x085,6A,22,00,00,D1,30,6A,35,
0x076,3E,6D,C0,00,0F,FF,00,00,
0x41D,00,00,00,00,00,00,00,00,
0x085,6A,22,00,00,D0,40,6A,35,
0x171,15,40,A0,00,00,00,00,00,
0x217,00,00,00,00,00,00,00,00,
0x186,14,04,02,26,81,F7,04,00,
0x085,6A,22,00,00,CF,50,6A,35,
0x333,00,18,00,00,00,00,00,00,
0x415,00,00,D4,F7,08,00,08,00,
0x085,6A,22,00,00,CE,60,6A,35,
0x165,20,C0,00,00,00,00,00,00,
0x217,00,00,00,00,00,00,00,00,
0x3D4,FF,C1,FE,FF,DF,E0,00,00,
0x085,6A,22,00,00,CD,70,6A,35,
0x167,72,7F,FB,10,00,19,F6,00,
0x213,FF,FF,00,0C,01,11,FF,40,
0x041,00,00,00,00,00,00,00,00,
0x085,6A,22,00,00,CC,80,6A,35,
0x230,00,04,00,00,90,00,00,00,
0x186,14,04,02,26,81,F7,04,00,
0x42C,00,40,00,00,49,D0,00,00,
0x085,6A,22,00,00,CB,90,6A,35,
0x4B0,8D,00,00,00,70,12,A0,A2,
0x3D4,FF,C1,FE,FF,DF,E0,00,00,
0x085,6A,22,00,00,CA,A0,6A,35,
0x167,72,7F,FB,10,00,19,F6,00,
0x217,00,00,00,00,00,00,00,00,
0x186,14,04,02,26,81,F7,04,00,
0x085,6A,22,00,00,C9,B0,6A,35,
0x167,72,7F,FB,10,00,19,F6,00,
0x415,00,00,E0,F4,08,00,08,00,
0x085,6A,22,00,00,C8,C0,6A,35,
0x165,20,C0,00,00,00,00,00,00,
0x04C,10,5F,FF,40,00,00,00,00,
0x091,7E,FA,7F,07,00,FB,F0,00,
0x085,6A,22,00,00,C7,D0,6A,35,
0x047,20,00,00,00,00,00,00,00,
0x213,FF,FF,00,0C,01,11,FF,40,
0x041,00,00,00,00,00,00,00,00,
0x3EB,47,14,14,00,00,2A,02,40,
0x204,C0,00,7D,01,2C,00,00,00,
0x186,14,04,02,26,81,F7,04,00,
0x3D9,FE,00,FF,00,00,00,00,00,
0x091,7E,F4,7F,03,00,05,F0,00,
0x4B0,8D,00,00,00,A0,12,A8,9E,
0x41D,00,00,00,00,00,00,00,00,
0x085,6A,22,00,00,D4,00,6A,35,
0x167,72,7F,FB,10,00,19,F6,00,
0x217,00,00,00,00,00,00,00,00,
0x455,00,00,00,00,00,00,00,00,
0x085,6A,22,00,00,D3,10,6A,35,
0x43E,00,65,10,8B,9D,2F,B8,70,
0x216,90,F1,76,E4,AA,00,00,00,
0x242,00,23,21,6C,D0,00,00,01,
0x085,6A,22,00,00,D2,20,6A,35,
0x230,00,04,00,00,90,00,00,00,
0x3D4,FF,C1,FE,FF,DF,E0,00,00,
0x085,6A,22,00,00,D1,30,6A,35,
0x047,20,00,00,00,00,00,00,00,
0x07D,02,52,9F,C1,29,1F,D8,00,
0x41D,00,00,00,00,00,00,00,00,
0x091,7E,F1,7E,FF,EF,1E,F0,00,
0x230,00,04,00,00,90,00,00,00,
0x186,14,04,02,26,81,F7,04,00,
0x082,80,00,14,3C,8D,00,40,FF,
0x085,6A,22,00,00,CF,50,6A,35,
0x4B0,8D,00,00,00,D0,12,90,9E,
0x415,00,00,F4,EF,08,00,08,00,
0x085,6A,22,00,00,CE,60,6A,35,
0x156,98,00,00,00,03,00,00,00,
0x204,C0,00,7D,01,2D,00,00,00,
0x430,03,01,4E,87,6F,C1,13,91,
0x085,6A,22,00,00,CD,70,6A,35,
0x436,20,00,00,00,00,00,00,00,
0x217,00,00,00,00,00,00,00,00,
0x42B,CB,BE,80,00,00,00,00,00,
0x085,6A,22,00,00,CC,80,6A,35,
0x230,00,04,00,00,90,00,00,00,
0x186,14,04,02,26,81,F7,04,00,
0x082,80,00,14,3C,8D,00,40,FF,
0x047,20,00,00,00,00,00,00,00,
0x07D,02,54,9A,F1,29,1F,E8,00,
0x41D,00,00,00,00,00,00,00,00,
0x085,6A,22,00,00,CA,A0,6A,35,
0x204,C0,00,7D,01,2D,00,00,00,
0x186,14,04,02,26,81,F7,04,00,
0x455,00,00,00,00,00,00,00,00,
0x085,6A,22,00,00,C9,B0,6A,35,
0x43E,00,66,10,8B,9D,2F,B8,70,
0x3D4,FF,C1,FE,FF,DF,E0,00,00,
0x085,6A,22,00,00,C8,C0,6A,35,
0x165,20,C0,00,00,00,00,00,00,
0x217,00,00,00,00,00,00,00,00,
0x186,14,04,02,26,81,F7,04,00,
0x085,6A,22,00,00,C7,D0,6A,35,
0x167,72,7F,FB,10,00,19,F4,00,
0x217,00,00,00,00,00,00,00,00,
0x41D,00,00,00,00,00,00,00,00,
0x091,7E,F4,7F,03,B5,50,F0,00,
0x230,00,04,00,00,90,00,00,00,
0x3D4,FF,C1,FE,FF,DF,E0,00,00,
0x082,80,00,14,3C,8E,00,40,FF,
0x204,C0,00,7D,01,2F,00,00,00,
0x07D,02,51,AA,21,29,1F,F8,00,
0x41D,00,00,00,00,00,00,00,00,
0x085,6A,22,00,00,D4,00,6A,35,
0x178,00,00,02,00,0E,40,86,40,
0x217,00,00,00,00,00,00,00,00,
0x435,28,20,10,95,53,20,09,42,
0x085,6A,22,00,00,D3,10,6A,35,
0x436,20,00,00,00,00,00,00,00,
0x3D4,FF,C1,FE,FF,DF,E0,00,00,
0x42C,00,40,00,00,49,D0,00,00,
0x165,20,C0,00,00,00,00,00,00,
0x217,00,00,00,00,00,00,00,00,
0x186,14,04,02,26,81,F7,04,00,
0x085,6A,22,00,00,D1,30,6A,35,
0x204,C0,00,7D,01,2F,00,00,00,
0x214,6F,66,00,00,00,00,26,40,
0x041,00,00,00,00,00,00,00,00,
0x085,6A,22,00,00,D0,40,6A,35,
0x230,00,04,00,00,90,00,00,00,
0x3D4,FF,C1,FE,FF,DF,E0,00,00,
0x082,80,00,14,3C,8D,00,40,FF,
0x204,C0,00,7D,01,2F,00,00,00,
0x077,00,00,08,00,00,07,FE,01,
0x41D,00,00,00,00,00,00,00,00,
0x085,6A,22,00,00,CE,60,6A,35,
0x200,00,00,7F,FF,7F,FF,00,00,
0x186,14,04,02,26,81,F7,04,00,
0x42C,00,40,00,00,49,D0,00,00,
0x085,6A,22,00,00,CD,70,6A,35,
0x167,72,7F,FB,10,00,19,F5,00,
0x217,00,00,00,00,00,00,00,00,
0x085,6A,22,00,00,CC,80,6A,35,
0x165,20,C0,00,00,00,00,00,00,
0x217,00,00,00,00,00,00,00,00,
0x186,14,04,02,26,81,F7,04,00,
0x085,6A,22,00,00,CB,90,6A,35,
0x167,72,7F,FB,10,00,19,F4,00,
0x216,90,F1,76,E4,AA,00,00,00,
0x242,00,23,21,86,D1,00,00,01,
0x085,6A,22,00,00,CA,A0,6A,35,
0x04C,10,5F,FF,40,00,00,00,00,
0x43D,00,39,83,6A,00,00,00,00,
0x43E,00,67,10,8B,9D,2F,B8,6E,
0x085,6A,22,00,00,C9,B0,6A,35,
0x077,00,00,07,FF,00,07,FE,02,
0x41D,00,00,00,00,00,00,00,00,
0x085,6A,22,00,00,C8,C0,6A,35,
0x202,04,F3,48,00,60,00,00,00,
0x332,00,51,B7,5D,14,00,00,00,
0x186,14,04,02,26,81,F7,04,00,
0x091,7E,F4,7E,FF,6F,9B,F0,00,
0x3DA,00,00,00,00,00,00,00,00,
0x3D4,FF,C1,FE,FF,DF,E0,00,00,
0x085,6A,22,00,00,C6,E0,6A,35,
0x092,6F,98,6F,9B,73,5B,97,A0,
0x217,00,00,00,00,00,00,00,00,
0x455,00,00,00,00,00,00,00,00,
0x085,6A,22,00,00,C5,F0,6A,35,
0x43D,00,3C,84,6B,00,00,00,00,
0x326,81,A0,25,C2,81,C4,00,00,
0x041,00,00,00,00,00,00,00,00,
0x085,6A,22,00,00,D4,00,6A,35,
0x230,00,04,00,00,90,00,00,00,
0x3D4,FF,C1,FE,FF,DF,E0,00,00,
0x42C,00,40,00,00,49,D0,00,00,
0x085,6A,22,00,00,D3,10,6A,35,
0x076,3E,6D,C0,00,0F,FF,00,00,
0x415,00,00,EC,F1,08,00,08,00,
0x085,6A,22,00,00,D2,20,6A,35,
0x200,00,00,7F,FF,7F,FF,00,00,
0x217,00,00,00,00,00,00,00,00,
0x186,14,04,02,26,81,F7,04,00,
0x085,6A,22,00,00,D1,30,6A,35,
0x167,72,7F,FB,10,00,19,F4,00,
0x217,00,00,00,00,00,00,00,00,
0x085,6A,22,00,00,D0,40,6A,35,
0x165,20,C0,00,00,00,00,00,00,
0x200,00,00,7F,FF,7F,FF,00,00,
0x37B,00,20,08,04,00,00,00,00,
0x43E,00,68,10,8C,9D,2F,C0,6F,
0x167,72,7F,FB,10,00,19,F3,00,
0x214,6F,66,00,00,00,00,1D,D0,
0x242,00,23,21,88,D2,00,00,01,
0x469,00,00,00,00,00,00,00,00,
0x230,00,04,00,00,90,00,00,00,
0x186,14,04,02,26,81,F7,04,00,
0x3D4,FF,C1,FE,FF,DF,E0,00,00,
0x091,7E,F4,7F,05,36,CD,F0,00,
0x076,3E,6D,C0,00,0F,FF,00,00,
0x41D,00,00,00,00,00,00,00,00,
0x085,6A,22,00,00,CC,80,6A,35,
0x200,00,00,7F,FE,7F,FE,00,00,
0x083,00,E0,80,00,00,02,00,00,
0x455,00,00,00,00,00,00,00,00,
0x085,6A,22,00,00,CB,90,6A,35,
0x43E,00,69,10,8C,9D,2F,C0,6F,
0x217,00,00,00,00,00,00,00,00,
0x085,6A,22,00,00,CA,A0,6A,35,
0x165,20,C0,00,00,00,00,00,00,
0x217,00,00,00,00,00,00,00,00,
0x186,14,04,02,26,81,F7,04,00,
0x085,6A,22,00,00,C9,B0,6A,35,
0x167,72,7F,FB,10,00,19,F2,00,
0x213,FF,FF,00,0C,01,11,FF,40,
0x41D,00,00,00,00,00,00,00,00,
0x091,7E,EA,7F,07,25,E6,F0,00,
0x230,00,04,00,00,90,00,00,00,
0x186,14,04,02,26,81,F7,04,00,
0x3D4,FF,C1,FE,FF,DF,E0,00,00,
0x085,6A,22,00,00,C7,D0,6A,35,
0x4B0,8D,00,00,00,10,12,98,A9,
0x41D,00,00,00,00,00,00,00,00,
0x085,6A,22,00,00,C6,E0,6A,35,
0x166,7C,00,00,02,80,00,BB,00,
0x230,00,04,00,00,90,00,00,00,
0x43D,00,3D,84,6B,00,00,00,00,
0x085,6A,22,00,00,C5,F0,6A,35,
0x167,72,7F,FB,10,00,19,F3,00,
0x217,00,00,00,00,00,00,00,00,
0x3B8,FF,FF,FF,FF,00,00,00,00,
0x42C,00,40,00,00,49,D0,00,00,
0x217,00,00,00,00,00,00,00,00,
0x186,14,04,02,26,81,F7,04,00,
0x085,6A,22,00,00,D3,10,6A,35,
0x047,20,00,00,00,00,00,00,00,
0x07D,02,54,A6,31,29,9F,E8,00,
0x041,00,00,00,00,00,00,00,00,
0x085,6A,22,00,00,D2,20,6A,35,
0x230,00,04,00,00,90,00,00,00,
0x186,14,04,02,26,81,F7,04,00,
0x3D4,FF,C1,FE,FF,DF,E0,00,00,
0x092,6F,97,6F,99,73,5A,32,09,
0x4B0,8D,00,00,00,40,12,90,A7,
0x41D,00,00,00,00,00,00,00,00,
0x085,6A,22,00,00,D0,40,6A,35,
0x167,72,7F,FB,10,00,19,F3,00,
0x217,00,00,00,00,00,00,00,00,
0x42C,00,40,00,00,49,D0,00,00,
0x085,6A,22,00,00,CF,50,6A,35,
0x167,72,7F,FB,10,00,19,F4,00,
0x217,00,00,00,00,00,00,00,00,
0x416,94,00,F9,24,00,00,0F,FF,
0x091,7E,F4,7F,05,EB,18,F0,00,
0x42F,00,00,00,00,00,00,01,2F,
0x186,14,04,02,26,81,F7,04,00,
0x085,6A,22,00,00,CD,70,6A,35,
0x047,20,00,00,00,00,00,00,00,
0x07D,02,54,A3,61,2A,1F,D8,01,
0x041,00,00,00,00,00,00,00,00,
0x085,6A,22,00,00,CC,80,6A,35,
0x04A,02,00,00,00,00,00,00,C0,
0x186,14,04,02,26,81,F7,04,00,
0x43E,00,71,10,8C,9D,2F,C0,70,
0x085,6A,22,00,00,CB,90,6A,35,
0x4B0,8D,00,00,00,70,12,90,A4,
0x41D,00,00,00,00,00,00,00,00,
0x468,00,00,00,00,00,00,00,00,
0x167,72,7F,FB,10,00,19,F5,00,
0x332,00,51,B7,5D,14,00,00,00,
0x186,14,04,02,26,81,F7,04,00,
0x085,6A,22,00,00,C9,B0,6A,35,
0x167,72,7F,FB,10,00,19,F5,00,
0x217,00,00,00,00,00,00,00,00,
0x3A3,80,00,00,00,00,00,00,00,
0x085,6A,22,00,00,C8,C0,6A,35,
0x42F,00,00,00,00,00,00,01,2F,
0x455,00,00,00,00,00,00,00,00,
0x082,80,00,14,3C,93,00,40,FF,
0x047,20,00,00,00,00,00,00,00,
0x07D,02,54,A0,91,29,9F,F7,FE,
0x41D,00,00,00,00,00,00,00,00,
0x085,6A,22,00,00,C6,E0,6A,35,
0x204,C0,00,7D,01,2D,00,00,00,
0x186,14,04,02,26,81,F7,04,00,
0x42C,00,40,00,00,49,D0,00,00,
0x085,6A,22,00,00,C5,F0,6A,35,
0x42F,00,00,00,00,00,00,01,2F,
0x217,00,00,00,00,00,00,00,00,
0x085,6A,22,00,00,D4,00,6A,35,
0x165,20,C0,00,00,00,00,00,00,
0x217,00,00,00,00,00,00,00,00,
0x186,14,04,02,26,81,F7,04,00,
0x085,6A,22,00,00,D3,10,6A,35,
0x167,72,7F,FB,10,00,19,F5,00,
0x217,00,00,00,00,00,00,00,00,
0x3A3,80,00,00,00,00,00,00,00,
0x085,6A,22,00,00,D2,20,6A,35,
0x178,00,00,02,00,0E,40,86,40,
0x37B,00,20,08,04,00,00,00,00,
0x082,80,00,14,38,95,00,40,FF,
0x204,C0,00,7D,01,2F,00,00,00,
0x436,20,00,00,00,00,00,00,00,
0x41D,00,00,00,00,00,00,00,00,
0x085,6A,22,00,00,D0,40,6A,35,
0x204,C0,00,7D,01,2F,00,00,00,
0x186,14,04,02,26,81,F7,04,00,
0x3D4,FF,C1,FE,FF,DF,E0,00,00,
0x091,7E,F7,7F,05,9D,63,F0,00,
0x42F,00,00,00,00,00,00,01,2F,
0x41D,00,00,00,00,00,00,00,00,
0x085,6A,22,00,00,CE,60,6A,35,
0x165,20,C0,00,00,00,00,00,00,
0x217,00,00,00,00,00,00,00,00,
0x455,00,00,00,00,00,00,00,00,
0x085,6A,22,00,00,CD,70,6A,35,
0x43E,00,73,10,8C,9D,2F,C8,72,
0x214,6F,66,00,00,00,00,1C,E0,
0x3A3,80,00,00,00,00,00,00,00,
0x092,6F,95,6F,9C,73,59,C9,72,
0x42F,00,00,00,00,00,00,01,2F,
0x186,14,04,02,26,81,F7,04,00,
0x42C,00,40,00,00,49,D0,00,00,
0x204,C0,00,7D,01,31,00,00,00,
0x077,00,00,08,00,00,07,FE,03,
0x416,96,00,F7,24,00,00,0F,FF,
0x091,7E,F4,7E,FF,8E,7C,F0,00,
0x202,04,F5,38,00,60,00,00,00,
0x186,14,04,02,26,81,F7,04,00,
0x3D4,FF,C1,FE,FF,DF,E0,00,00,
0x085,6A,22,00,00,C9,B0,6A,35,
0x332,00,51,B7,5E,14,00,00,00,
0x41D,00,00,00,00,00,00,00,00,
0x085,6A,22,00,00,C8,C0,6A,35,
0x165,20,C0,00,00,00,00,00,00,
0x204,C0,00,7D,01,31,00,00,00,
0x434,21,83,14,00,05,03,00,63,
0x085,6A,22,00,00,C7,D0,6A,35,
0x167,72,7F,FB,10,00,19,F3,00,
0x214,6F,66,00,00,00,00,29,10,
0x3A3,80,00,00,00,00,00,00,00,
0x469,00,00,00,00,00,00,00,00,
0x42F,00,00,00,00,00,00,01,2F,
0x186,14,04,02,26,81,F7,04,00,
0x082,80,00,14,38,94,00,40,FF,
0x204,C0,00,7D,01,31,00,00,00,
0x077,00,00,08,00,00,07,FE,02,
0x41D,00,00,00,00,00,00,00,00,
0x085,6A,22,00,00,D4,00,6A,35,
0x202,04,EF,68,00,60,00,00,00,
0x083,00,E0,80,00,00,02,00,00,
0x3D4,FF,C1,FE,FF,DF,E0,00,00,
0x085,6A,22,00,00,D3,10,6A,35,
0x43E,00,73,10,8D,9D,2F,C0,73,
0x217,00,00,00,00,00,00,00,00,
0x085,6A,22,00,00,D2,20,6A,35,
0x165,20,C0,00,00,00,00,00,00,
0x217,00,00,00,00,00,00,00,00,
0x186,14,04,02,26,81,F7,04,00,
0x085,6A,22,00,00,D1,30,6A,35,
0x167,72,7F,FB,10,00,19,F4,00,
0x214,6F,66,00,00,00,00,26,40,
0x3A3,80,00,00,00,00,00,00,00,
0x091,7E,F7,7F,05,52,AE,F0,00,
0x42F,00,00,00,00,00,00,01,2F,
0x186,14,04,02,26,81,F7,04,00,
0x082,80,00,14,3C,94,00,40,FF,
0x085,6A,22,00,00,CF,50,6A,35,
0x076,3E,6D,C0,00,0F,FF,00,00,
0x41D,00,00,00,00,00,00,00,00,
0x085,6A,22,00,00,CE,60,6A,35,
0x156,98,00,00,00,03,00,00,00,
0x230,00,04,00,00,90,00,00,00,
0x435,28,20,18,9D,53,20,09,42,
0x085,6A,22,00,00,CD,70,6A,35,
0x42F,00,00,00,00,00,00,01,2F,
0x415,00,00,D8,F6,08,00,08,00,
0x085,6A,22,00,00,CC,80,6A,35,
0x165,20,C0,00,00,00,00,00,00,
0x332,00,51,B7,5E,14,00,00,00,
0x186,14,04,02,26,81,F7,04,00,
0x085,6A,22,00,00,CB,90,6A,35,
0x167,72,7F,FB,10,00,19,F4,00,
0x214,6F,66,00,00,00,00,23,70,
0x242,00,23,21,AB,D6,00,00,01,
0x085,6A,22,00,00,CA,A0,6A,35,
0x230,00,04,00,00,90,00,00,00,
0x455,00,00,00,00,00,00,00,00,
0x082,80,00,14,3C,94,00,40,FF,
0x085,6A,22,00,00,C9,B0,6A,35,
0x076,3E,6D,C0,00,0F,FF,00,00,
0x41D,00,00,00,00,00,00,00,00,
0x085,6A,22,00,00,C8,C0,6A,35,
0x200,00,00,7F,FF,7F,FF,00,00,
0x217,00,00,00,00,00,00,00,00,
0x42C,00,40,00,00,49,D0,00,00,
0x092,6F,97,6F,98,73,5E,5D,DB,
0x42F,00,00,00,00,00,00,01,2F,
0x217,00,00,00,00,00,00,00,00,
0x242,00,23,21,A7,D7,00,00,01,
0x091,7E,F4,7F,05,23,E0,F0,00,
0x217,00,00,00,00,00,00,00,00,
0x186,14,04,02,26,81,F7,04,00,
0x085,6A,22,00,00,C5,F0,6A,35,
0x167,72,7F,FB,10,00,19,F4,00,
0x213,FF,FF,00,0C,01,11,FF,40,
0x3A3,80,00,00,00,00,00,00,00,
0x085,6A,22,00,00,D4,00,6A,35,
0x04C,10,5F,FF,40,00,00,00,00,
0x186,14,04,02,26,81,F7,04,00,
0x456,80,00,00,00,00,00,00,00,
0x085,6A,22,00,00,D3,10,6A,35,
0x076,3E,6D,C0,00,0F,FF,00,00,
0x41D,00,00,00,00,00,00,00,00,
0x3B9,FF,00,00,00,00,00,00,00,
0x167,72,7F,FB,10,00,19,F4,00,
0x217,00,00,00,00,00,00,00,00,
0x3D8,00,01,08,0C,80,05,F0,10,
0x091,7E,F4,7F,03,0C,F9,F0,00,
0x42F,00,00,00,00,00,00,01,2F,
0x217,00,00,00,00,00,00,00,00,
0x085,6A,22,00,00,D0,40,6A,35,
0x165,20,C0,00,00,00,00,00,00,
0x217,00,00,00,00,00,00,00,00,
0x455,00,00,00,00,00,00,00,00,
0x085,6A,22,00,00,CF,50,6A,35,
0x167,72,7F,FB,10,00,19,F4,00,
0x213,FF,FF,00,0C,01,11,FF,40,
0x041,00,00,00,00,00,00,00,00,
0x085,6A,22,00,00,CE,60,6A,35,
0x202,04,F9,18,00,60,00,00,00,
0x186,14,04,02,26,81,F7,04,00,
0x42C,00,40,00,00,49,D0,00,00,
0x085,6A,22,00,00,CD,70,6A,35,
0x4B0,8D,00,00,00,E0,12,90,9D,
0x217,00,00,00,00,00,00,00,00,
0x085,6A,22,00,00,CC,80,6A,35,
0x167,72,7F,FB,10,00,19,F4,00,
0x217,00,00,00,00,00,00,00,00,
0x3D4,FF,C1,FE,FF,DF,E0,00,00,
0x085,6A,22,00,00,CB,90,6A,35,
0x42F,00,00,00,00,00,00,01,2F,
0x217,00,00,00,00,00,00,00,00,
0x3C7,00,00,40,00,00,00,00,00,
0x085,6A,22,00,00,CA,A0,6A,35,
0x200,00,00,7F,FF,7F,FF,00,00,
0x42D,00,02,BB,00,00,00,F0,00,
0x085,6A,22,00,00,C9,B0,6A,35,
0x047,20,00,00,00,00,00,00,00,
0x213,FF,FF,00,0C,01,11,FF,40,
0x041,00,00,00,00,00,00,00,00,
0x42C,00,40,00,00,49,D0,00,00,
0x204,C0,00,7D,01,2F,00,00,00,
0x186,14,04,02,26,81,F7,04,00,
0x084,16,00,01,50,28,33,0D,00,
0x091,7E,F7,7F,05,D5,2B,F0,00,
0x4B0,8D,00,00,00,10,12,A0,A8,
0x41D,00,00,00,00,00,00,00,00,
0x085,6A,22,00,00,C6,E0,6A,35,
0x167,72,7F,FB,10,00,19,F4,00,
0x083,00,E0,80,00,00,02,00,00,
0x3D4,FF,C1,FE,FF,DF,E0,00,00,
0x085,6A,22,00,00,C5,F0,6A,35,
0x43D,00,39,7D,69,00,00,00,00,
0x216,90,F1,76,E4,AA,00,00,00,
0x041,00,00,00,00,00,00,00,00,
0x085,6A,22,00,00,D4,00,6A,35,
0x230,00,04,00,00,90,00,00,00,
0x186,14,04,02,26,81,F7,04,00,
0x082,80,00,14,38,94,00,40,FF,
0x047,20,00,00,00,00,00,00,00,
0x07D,02,55,A5,31,2A,9F,F7,FE,
0x415,00,00,CC,F9,08,00,08,00,
0x092,6F,99,6F,98,73,5B,F5,44,
0x202,04,ED,78,00,60,00,00,00,
0x186,14,04,02,26,81,F7,04,00,
0x082,80,00,14,38,94,00,40,FF,
0x085,6A,22,00,00,D1,30,6A,35,
0x167,72,7F,FB,10,00,19,F4,00,
0x41D,00,00,00,00,00,00,00,00,
0x085,6A,22,00,00,D0,40,6A,35,
0x156,98,00,00,00,03,00,00,00,
0x217,00,00,00,00,00,00,00,00,
0x3D4,FF,C1,FE,FF,DF,E0,00,00,
0x085,6A,22,00,00,CF,50,6A,35,
0x42F,00,00,00,00,00,00,01,2F,
0x216,90,F1,76,E4,AA,00,00,00,
0x40A,C1,02,37,31,36,38,36,FF,
0x469,00,00,00,00,00,00,00,00,
0x332,00,51,B7,5E,14,00,00,00,
0x186,14,04,02,26,81,F7,04,00,
0x082,80,00,14,3C,95,00,40,FF,
0x047,20,00,00,00,00,00,00,00,
0x07D,02,56,A1,61,2A,20,18,00,
0x41D,00,00,00,00,00,00,00,00,
0x085,6A,22,00,00,CC,80,6A,35,
0x202,04,F7,28,00,60,00,00,00,
0x186,14,04,02,26,81,F7,04,00,
0x455,00,00,00,00,00,00,00,00,
0x085,6A,22,00,00,CB,90,6A,35,
0x43E,00,73,10,8D,9D,2F,C8,74,
0x415,00,00,DC,F5,08,00,08,00,
0x085,6A,22,00,00,CA,A0,6A,35,
0x165,20,C0,00,00,00,00,00,00,
0x217,00,00,00,0