0x077,00,00,07,FF,00,07,FE,03,
0x186,14,04,02,26,81,F7,00,00,
0x42F,00,00,00,00,00,00,01,10,
0x455,00,00,00,00,00,00,00,00,
0x082,7F,00,14,38,93,00,40,FF,
0x085,6A,24,00,00,CD,50,6A,35,
0x332,00,51,B7,33,14,00,00,00,
0x41D,00,00,E0,00,00,00,00,00,
0x085,6A,24,00,00,CC,60,6A,35,
0x083,00,E0,80,00,00,02,00,00,
0x186,14,04,02,26,81,F7,00,00,
0x42C,00,40,00,00,49,D0,00,00,
0x085,6A,24,00,00,CB,70,6A,35,
0x204,C0,00,7D,01,08,00,00,00,
0x216,EC,4C,D1,3F,AA,00,00,00,
0x085,6A,24,00,00,CA,80,6A,35,
0x165,20,C0,00,00,00,00,00,00,
0x200,00,00,80,52,80,52,00,00,
0x5B2,B2,00,FF,FF,FF,FF,FF,FF,
0x091,7E,FA,7F,03,C2,3D,F0,00,
0x092,6F,97,6F,9A,73,63,F4,3D,
0x07D,04,45,AF,72,22,A0,18,01,
0x242,00,23,20,AA,D7,00,00,01,
0x085,6A,24,00,00,C8,A0,6A,35,
0x165,20,C0,00,00,00,00,00,00,
0x202,0C,F5,B8,00,60,00,00,00,
0x43E,00,73,10,8E,9E,30,F8,63,
0x085,6A,24,00,00,C7,B0,6A,35,
0x167,72,80,52,10,00,1A,00,00,
0x4B0,89,00,00,00,80,22,20,AF,
0x085,6A,24,00,00,C6,C0,6A,35,
0x04C,10,5F,FF,40,00,00,00,00,
0x186,14,04,02,26,81,F7,00,00,
0x3D4,FF,C1,FE,FF,DF,E0,00,00,
0x085,6A,24,00,00,C5,D0,6A,35,
0x204,C0,00,7D,01,08,00,00,00,
0x216,EC,4C,D1,3F,AA,00,00,00,
0x242,00,23,20,A4,D7,00,00,01,
0x435,28,20,10,95,53,20,09,42,
0x200,00,00,80,52,80,52,00,00,
0x455,00,00,00,00,00,00,00,00,
0x082,7F,00,14,38,95,00,40,FF,
0x085,6A,24,00,00,C3,F0,6A,35,
0x07D,04,45,AC,A2,22,1F,F8,01,
0x3A3,80,00,00,00,00,00,00,00,
0x085,6A,24,00,00,D2,00,6A,35,
0x083,00,E0,80,00,00,02,00,00,
0x230,E0,02,00,00,90,00,00,00,
0x42C,00,40,00,00,49,D0,00,00,
0x085,6A,24,00,00,D1,10,6A,35,
0x167,72,80,4E,10,00,1A,00,00,
0x217,00,00,00,00,00,00,00,00,
0x085,6A,24,00,00,D0,20,6A,35,
0x165,20,C0,00,00,00,00,00,00,
0x217,00,00,00,00,00,00,00,00,
0x3D4,FF,C1,FE,FF,DF,E0,00,00,
0x085,6A,24,00,00,CF,30,6A,35,
0x204,C0,00,7D,01,0A,00,00,00,
0x214,6F,66,00,00,00,00,1E,C0,
0x436,20,00,00,00,00,00,00,00,
0x085,6A,24,00,00,CE,40,6A,35,
0x165,20,C0,00,00,00,00,00,00,
0x421,00,00,28,00,00,00,35,19,
0x082,7F,00,14,38,95,00,40,FF,
0x085,6A,24,00,00,CD,50,6A,35,
0x077,00,00,08,00,00,07,FE,03,
0x041,00,00,00,00,00,00,00,00,
0x469,00,00,00,00,00,00,00,00,
0x04C,10,5F,FF,40,00,00,00,00,
0x42F,00,00,00,00,00,00,01,0E,
0x217,00,00,00,00,00,00,00,00,
0x085,6A,24,00,00,CB,70,6A,35,
0x047,20,00,00,00,00,00,00,00,
0x41D,00,00,E0,00,00,00,00,00,
0x085,6A,24,00,00,CA,80,6A,35,
0x435,28,20,18,9D,53,20,09,42,
0x217,00,00,00,00,00,00,00,00,
0x3D4,FF,C1,FE,FF,DF,E0,00,00,
0x085,6A,24,00,00,C9,90,6A,35,
0x204,C0,00,7D,01,0B,00,00,00,
0x214,6F,66,00,00,00,00,1B,F0,
0x4B0,89,00,00,00,F0,22,18,A9,
0x085,6A,24,00,00,C8,A0,6A,35,
0x167,72,80,46,10,00,19,FF,00,
0x230,E0,02,00,00,90,00,00,00,
0x42C,00,40,00,00,49,D0,00,00,
0x085,6A,24,00,00,C7,B0,6A,35,
0x076,3E,6F,C0,00,0F,FF,00,00,
0x041,00,00,00,00,00,00,00,00,
0x085,6A,24,00,00,C6,C0,6A,35,
0x165,20,C0,00,00,00,00,00,00,
0x230,E0,02,00,00,90,00,00,00,
0x42F,00,00,00,00,00,00,01,0E,
0x085,6A,24,00,00,C5,D0,6A,35,
0x047,20,00,00,00,00,00,00,00,
0x41D,00,00,E0,00,00,00,00,00,
0x092,6F,97,6F,9C,73,56,96,A6,
0x165,20,C0,00,00,00,00,00,00,
0x178,00,00,01,FF,0E,41,86,41,
0x43D,00,2E,60,6F,00,00,00,00,
0x085,6A,24,00,00,C3,F0,6A,35,
0x204,C0,00,7D,01,09,00,00,00,
0x213,FF,FF,00,0C,01,11,FF,41,
0x42C,00,40,00,00,49,D0,00,00,
0x085,6A,24,00,00,D2,00,6A,35,
0x167,72,80,4C,10,00,1A,00,00,
0x217,00,00,00,00,00,00,00,00,
0x082,7F,00,14,38,94,00,40,FF,
0x085,6A,24,00,00,D1,10,6A,35,
0x333,00,18,00,00,00,00,00,00,
0x4B0,89,00,00,00,30,22,18,B5,
0x434,21,63,14,00,05,03,00,63,
0x435,28,20,15,95,53,20,09,42,
0x230,E0,02,00,00,90,00,00,00,
0x455,00,00,00,00,00,00,00,00,
0x085,6A,24,00,00,CF,30,6A,35,
0x047,20,00,00,00,00,00,00,00,
0x415,00,00,D0,F8,0F,FE,0F,FE,
0x085,6A,24,00,00,CE,40,6A,35,
0x083,00,E0,80,00,00,02,00,00,
0x091,7E,FA,7F,07,32,C9,F0,00,
0x42C,00,40,00,00,49,D0,00,00,
0x085,6A,24,00,00,CD,50,6A,35,
0x204,C0,00,7D,01,07,00,00,00,
0x42F,00,00,00,00,00,00,01,0D,
0x41D,00,00,E0,00,00,00,00,00,
0x085,6A,24,00,00,CC,60,6A,35,
0x165,20,C0,00,00,00,00,00,00,
0x230,E0,02,00,00,90,00,00,00,
0x091,7E,FE,7F,05,26,D3,F0,00,
0x085,6A,24,00,00,CB,70,6A,35,
0x077,00,00,08,00,00,08,02,02,
0x4B0,89,00,00,00,60,22,00,B5,
0x085,6A,24,00,00,CA,80,6A,35,
0x165,20,C0,00,00,00,00,00,00,
0x186,14,04,02,26,81,F7,00,00,
0x43E,00,73,10,8E,9E,30,F8,62,
0x085,6A,24,00,00,C9,90,6A,35,
0x204,C0,00,7D,01,08,00,00,00,
0x415,00,00,DC,F5,0F,FE,0F,FE,
0x085,6A,24,00,00,C8,A0,6A,35,
0x04A,02,00,00,00,00,00,00,C0,
0x202,0C,F5,B8,00,60,00,00,00,
0x3C2,FF,C1,FE,FF,DF,E0,00,00,
0x085,6A,24,00,00,C7,B0,6A,35,
0x204,C0,00,7D,01,08,00,00,00,
0x213,FF,FF,00,0C,01,11,FF,41,
0x3E0,00,00,00,00,80,00,00,00,
0x434,21,63,10,00,05,03,00,63,
0x435,28,20,18,9D,53,00,01,42,
0x3EA,00,00,00,00,00,00,60,00,
0x455,00,00,00,00,00,00,00,00,
0x085,6A,24,00,00,C5,D0,6A,35,
0x076,3E,6F,C0,00,0F,FF,00,00,
0x41D,00,00,E0,00,00,00,00,00,
0x085,6A,24,00,00,C4,E0,6A,35,
0x083,00,E0,80,00,00,02,00,00,
0x217,00,00,00,00,00,00,00,00,
0x42C,00,40,00,00,49,D0,00,00,
0x085,6A,24,00,00,C3,F0,6A,35,
0x204,C0,00,7D,01,09,00,00,00,
0x217,00,00,00,00,00,00,00,00,
0x085,6A,24,00,00,D2,00,6A,35,
0x165,20,C0,00,00,00,00,00,00,
0x202,0C,EF,E8,00,60,00,00,00,
0x3D4,FF,C1,FE,FF,DF,E0,00,00,
0x085,6A,24,00,00,D1,10,6A,35,
0x204,C0,00,7D,01,08,00,00,00,
0x42F,00,00,00,00,00,00,01,0D,
0x3C7,00,00,40,00,00,00,00,00,
0x436,20,00,00,00,00,00,00,00,
0x165,20,C0,00,00,00,00,00,00,
0x230,E0,02,00,00,90,00,00,00,
0x43E,00,73,10,8E,9E,30,F8,61,
0x085,6A,24,00,00,CF,30,6A,35,
0x091,7E,F7,7F,09,E8,14,F0,00,
0x41D,00,00,E0,00,00,00,00,00,
0x085,6A,24,00,00,CE,40,6A,35,
0x04C,10,5F,FF,40,00,00,00,00,
0x230,E0,02,00,00,90,00,00,00,
0x084,16,00,01,50,28,09,0D,00,
0x085,6A,24,00,00,CD,50,6A,35,
0x204,C0,00,7D,01,09,00,00,00,
0x415,00,00,F4,EF,0F,FE,0F,FE,
0x085,6A,24,00,00,CC,60,6A,35,
0x435,28,20,10,95,53,20,09,42,
0x200,00,00,80,48,80,48,00,00,
0x3D4,FF,C1,FE,FF,DF,E0,00,00,
0x085,6A,24,00,00,CB,70,6A,35,
0x332,00,51,B7,34,14,00,00,00,
0x204,C0,00,7D,01,07,00,00,00,
0x4B0,89,00,00,00,E0,21,F0,AF,
0x085,6A,24,00,00,CA,80,6A,35,
0x326,81,A0,25,C5,81,C4,00,00,
0x230,E0,02,00,00,90,00,00,00,
0x42C,00,40,00,00,49,D0,00,00,
0x085,6A,24,00,00,C9,90,6A,35,
0x167,72,80,4F,10,00,1A,00,00,
0x3D4,FF,C1,FE,FF,DF,E0,00,00,
0x085,6A,24,00,00,C8,A0,6A,35,
0x165,20,C0,00,00,00,00,00,00,
0x186,14,04,02,26,81,F7,00,00,
0x42F,00,00,00,00,00,00,01,0C,
0x085,6A,24,00,00,C7,B0,6A,35,
0x204,C0,00,7D,01,08,00,00,00,
0x217,00,00,00,00,00,00,00,00,
0x085,6A,24,00,00,C6,C0,6A,35,
0x436,20,00,00,00,00,00,00,00,
0x166,7C,00,00,02,80,00,BB,00,
0x424,00,00,00,01,00,00,00,00,
0x082,7F,00,14,38,94,00,40,FF,
0x085,6A,24,00,00,C5,D0,6A,35,
0x077,00,00,08,00,00,08,02,02,
0x242,00,23,20,A5,D7,00,00,01,
0x4B0,89,00,00,00,10,21,E8,BD,
0x04C,10,5F,FF,40,00,00,00,00,
0x186,14,04,02,26,81,F7,00,00,
0x217,00,00,00,00,00,00,00,00,
0x085,6A,24,00,00,C3,F0,6A,35,
0x204,C0,00,7D,01,09,00,00,00,
0x3D4,FF,C1,FE,FF,DF,E0,00,00,
0x085,6A,24,00,00,D2,00,6A,35,
0x435,28,20,18,9D,53,20,09,42,
0x186,14,04,02,26,81,F7,00,00,
0x455,00,00,00,00,00,00,00,00,
0x085,6A,24,00,00,D1,10,6A,35,
0x332,00,51,B7,34,14,00,00,00,
0x213,FF,FF,00,0C,01,11,FF,41,
0x242,00,23,20,A9,D7,00,00,01,
0x326,81,A0,25,C5,81,C4,00,00,
0x091,7E,F1,7F,09,A3,5F,F0,00,
0x3D4,FF,C1,FE,FF,DF,E0,00,00,
0x082,7F,00,14,3C,93,00,40,FF,
0x085,6A,24,00,00,CF,30,6A,35,
0x07D,04,3C,BB,42,1E,20,18,00,
0x416,97,00,F6,24,00,00,0F,FF,
0x085,6A,24,00,00,CE,40,6A,35,
0x165,20,C0,00,00,00,00,00,00,
0x230,E0,02,00,00,90,00,00,00,
0x091,7E,EE,7F,03,A2,69,F0,00,
0x085,6A,24,00,00,CD,50,6A,35,
0x167,72,80,47,10,00,19,FF,00,
0x415,00,00,D4,F7,0F,FE,0F,FE,
0x436,20,00,00,00,00,00,00,00,
0x165,20,C0,00,00,00,00,00,00,
0x179,00,00,00,00,58,1D,08,1A,
0x43D,00,2D,5F,70,00,00,00,00,
0x085,6A,24,00,00,CB,70,6A,35,
0x204,C0,00,7D,01,08,00,00,00,
0x214,6F,66,00,00,00,00,24,60,
0x42C,00,40,00,00,49,D0,00,00,
0x04A,02,00,00,00,00,00,00,C0,
0x200,00,00,80,4D,80,4D,00,00,
0x230,E0,02,00,00,90,00,00,00,
0x3D4,FF,C1,FE,FF,DF,E0,00,00,
0x3DA,00,00,00,00,00,00,00,00,
0x07D,04,3B,B9,72,1D,9F,F8,00,
0x041,00,00,00,00,00,00,00,00,
0x434,21,65,14,00,05,03,00,67,
0x435,7C,70,10,D5,53,20,09,42,
0x230,E0,02,00,00,90,00,00,00,
0x455,00,00,00,00,00,00,00,00,
0x085,6A,24,00,00,C7,B0,6A,35,
0x167,72,80,4D,10,00,19,FF,00,
0x217,00,00,00,00,00,00,00,00,
0x085,6A,24,00,00,C6,C0,6A,35,
0x083,00,E0,80,00,00,02,00,00,
0x186,14,04,02,26,81,F7,00,00,
0x42C,00,40,00,00,49,D0,00,00,
0x085,6A,24,00,00,C5,D0,6A,35,
0x204,C0,00,7D,01,08,00,00,00,
0x216,EC,4C,D1,3F,AA,00,00,00,
0x4B0,89,00,00,00,90,21,C0,BA,
0x085,6A,24,00,00,C4,E0,6A,35,
0x167,72,80,4E,10,00,19,FF,00,
0x230,E0,02,00,00,90,00,00,00,
0x091,7E,F7,7F,03,67,9B,F0,00,
0x085,6A,24,00,00,C3,F0,6A,35,
0x07D,04,3A,B7,A2,1D,1F,D8,00,
0x041,00,00,00,00,00,00,00,00,
0x436,20,00,00,00,00,00,00,00,
0x165,20,C0,00,00,00,00,00,00,
0x204,C0,00,7D,01,07,00,00,00,
0x43E,00,73,10,8E,9E,30,F8,62,
0x085,6A,24,00,00,D1,10,6A,35,
0x091,7E,FA,7F,09,4F,AA,F0,00,
0x415,00,00,EC,F1,0F,FE,0F,FE,
0x469,00,00,00,00,00,00,00,00,
0x04C,10,5F,FF,40,00,00,00,00,
0x202,0C,ED,F8,00,60,00,00,00,
0x42F,00,00,00,00,00,00,01,0B,
0x085,6A,24,00,00,CF,30,6A,35,
0x204,C0,00,7D,01,08,00,00,00,
0x216,EC,4C,D1,3F,AA,00,00,00,
0x59E,9E,00,FF,FF,FF,FF,FF,FF,
0x434,21,61,14,00,05,03,00,63,
0x167,72,80,4E,10,00,19,FF,00,
0x3D4,FF,C1,FE,FF,DF,E0,00,00,
0x082,7F,00,14,38,94,00,40,FF,
0x085,6A,24,00,00,CD,50,6A,35,
0x077,00,00,08,00,00,08,02,02,
0x4B0,89,00,00,00,D0,21,D0,B4,
0x085,6A,24,00,00,CC,60,6A,35,
0x083,00,E0,80,00,00,02,00,00,
0x230,E0,02,00,00,90,00,00,00,
0x42C,00,40,00,00,49,D0,00,00,
0x085,6A,24,00,00,CB,70,6A,35,
0x047,20,00,00,00,00,00,00,00,
0x217,00,00,00,00,00,00,00,00,
0x085,6A,24,00,00,CA,80,6A,35,
0x165,20,C0,00,00,00,00,00,00,
0x202,0C,F7,A8,00,60,00,00,00,
0x42F,00,00,00,00,00,00,01,0B,
0x085,6A,24,00,00,C9,90,6A,35,
0x204,C0,00,7D,01,09,00,00,00,
0x214,6F,66,00,00,00,00,1B,F0,
0x242,00,23,20,A7,D7,00,00,01,
0x436,20,00,00,00,00,00,00,00,
0x156,98,00,00,00,03,00,00,00,
0x421,00,00,28,00,00,00,35,19,
0x43E,00,73,10,8E,9E,30,F0,5E,
0x085,6A,24,00,00,C7,B0,6A,35,
0x077,00,00,07,FF,00,07,FE,02,
0x4B0,89,00,00,00,00,21,D0,C1,
0x085,6A,24,00,00,C6,C0,6A,35,
0x04C,10,5F,FF,40,00,00,00,00,
0x230,E0,02,00,00,90,00,00,00,
0x092,6F,97,6F,9C,73,5E,53,E1,
0x085,6A,24,00,00,C5,D0,6A,35,
0x047,20,00,00,00,00,00,00,00,
0x3D4,FF,C1,FE,FF,DF,E0,00,00,
0x085,6A,24,00,00,C4,E0,6A,35,
0x435,28,20,10,95,53,28,09,42,
0x202,0C,F1,D8,00,60,00,00,00,
0x455,00,00,00,00,00,00,00,00,
0x085,6A,24,00,00,C3,F0,6A,35,
0x332,00,51,B7,34,14,00,00,00,
0x213,FF,FF,00,0C,01,11,FF,41,
0x041,00,00,00,00,00,00,00,00,
0x085,6A,24,00,00,D2,00,6A,35,
0x165,20,C0,00,00,00,00,00,00,
0x230,E0,02,00,00,90,00,00,00,
0x42C,00,40,00,00,49,D0,00,00,
0x085,6A,24,00,00,D1,10,6A,35,
0x076,3E,6F,C0,00,0F,FF,00,00,
0x415,00,00,CC,F9,0F,FE,0F,FE,
0x085,6A,24,00,00,D0,20,6A,35,
0x165,20,C0,00,00,00,00,00,00,
0x230,E0,02,00,00,90,00,00,00,
0x091,7E,F1,7F,05,07,FF,F0,00,
0x085,6A,24,00,00,CF,30,6A,35,
0x047,20,00,00,00,00,00,00,00,
0x217,00,00,00,00,00,00,00,00,
0x085,6A,24,00,00,CE,40,6A,35,
0x436,20,00,00,00,00,00,00,00,
0x171,A5,20,A0,00,00,00,00,00,
0x42D,00,02,BA,00,00,00,F0,00,
0x085,6A,24,00,00,CD,50,6A,35,
0x204,C0,00,7D,01,07,00,00,00,
0x213,FF,FF,00,0C,01,11,FF,41,
0x3B3,40,48,04,0D,10,05,00,02,
0x469,00,00,00,00,00,00,00,00,
0x165,20,C0,00,00,00,00,00,00,
0x230,E0,02,00,00,90,00,00,00,
0x3D4,FF,C1,FE,FF,DF,E0,00,00,
0x085,6A,24,00,00,CB,70,6A,35,
0x076,3E,6F,C0,00,0F,FF,00,00,
0x42F,00,00,00,00,00,00,01,0A,
0x37B,00,20,08,04,00,00,00,00,
0x435,28,20,18,9D,53,20,09,42,
0x230,E0,02,00,00,90,00,00,00,
0x455,00,00,00,00,00,00,00,00,
0x085,6A,24,00,00,C9,90,6A,35,
0x332,00,51,B7,34,14,00,00,00,
0x217,00,00,00,00,00,00,00,00,
0x085,6A,24,00,00,C8,A0,6A,35,
0x083,00,E0,80,00,00,02,00,00,
0x171,A5,20,A0,00,00,00,00,00,
0x42F,00,00,00,00,00,00,01,0A,
0x085,6A,24,00,00,C7,B0,6A,35,
0x204,C0,00,7D,01,09,00,00,00,
0x213,FF,FF,00,0C,01,11,FF,41,
0x4B0,89,00,00,00,80,21,B8,BC,
0x085,6A,24,00,00,C6,C0,6A,35,
0x165,20,C0,00,00,00,00,00,00,
0x5B2,B2,00,FF,FF,FF,FF,FF,FF,
0x091,7E,F7,7F,09,CB,31,F0,00,
0x085,6A,24,00,00,C5,D0,6A,35,
0x076,3E,6F,C0,00,0F,FF,00,00,
0x4B0,89,00,00,00,90,21,A8,BD,
0x085,6A,24,00,00,C4,E0,6A,35,
0x436,20,00,00,00,00,00,00,00,
0x200,00,00,80,42,80,42,00,00,
0x43E,00,73,10,8E,9E,30,F0,61,
0x085,6A,24,00,00,C3,F0,6A,35,
0x204,C0,00,7D,01,09,00,00,00,
0x217,00,00,00,00,00,00,00,00,
0x42C,00,40,00,00,49,D0,00,00,
0x04B,00,C0,D8,D8,D8,D8,D8,00,
0x200,00,00,80,3C,80,3C,00,00,
0x42F,00,00,00,00,00,00,01,0A,
0x085,6A,24,00,00,D1,10,6A,35,
0x204,C0,00,7D,01,0A,00,00,00,
0x213,FF,FF,00,0C,01,11,FF,41,
0x242,00,23,20,A8,D7,00,00,01,
0x434,21,67,14,00,05,03,00,63,
0x435,28,20,10,95,53,20,09,42,
0x455,00,00,00,00,00,00,00,00,
0x3D4,FF,C1,FE,FF,DF,E0,00,00,
0x085,6A,24,00,00,CF,30,6A,35,
0x171,A5,20,A0,00,00,00,00,00,
0x43D,00,2D,5F,70,00,00,00,00,
0x085,6A,24,00,00,CE,40,6A,35,
0x083,00,E0,80,00,00,02,00,00,
0x186,14,04,02,26,81,F7,00,00,
0x3B7,00,00,02,00,6C,4E,AE,F0,
0x085,6A,24,00,00,CD,50,6A,35,
0x204,C0,00,7D,01,09,00,00,00,
0x217,00,00,00,00,00,00,00,00,
0x4B0,89,00,00,00,D0,21,B0,B8,
0x085,6A,24,00,00,CC,60,6A,35,
0x200,00,00,80,3E,80,3E,00,00,
0x42F,00,00,00,00,00,00,01,0A,
0x082,7F,00,14,38,94,00,40,FF,
0x085,6A,24,00,00,CB,70,6A,35,
0x07D,04,35,B8,E2,1B,1F,F7,FD,
0x041,00,00,00,00,00,00,00,00,
0x085,6A,24,00,00,CA,80,6A,35,
0x436,20,00,00,00,00,00,00,00,
0x217,00,00,00,00,00,00,00,00,
0x43E,00,73,10,8E,9E,30,F0,60,
0x085,6A,24,00,00,C9,90,6A,35,
0x167,72,80,3A,10,00,19,FD,00,
0x42F,00,00,00,00,00,00,01,0A,
0x469,00,00,00,00,00,00,00,00,
0x04C,10,5F,FF,40,00,00,00,00,
0x186,14,04,02,26,81,F7,00,00,
0x230,E0,02,00,00,90,00,00,00,
0x085,6A,24,00,00,C7,B0,6A,35,
0x204,C0,00,7D,01,09,00,00,00,
0x217,00,00,00,00,00,00,00,00,
0x3A3,80,00,00,00,00,00,00,00,
0x435,28,20,1D,9D,53,20,09,42,
0x171,A5,20,A0,00,00,00,00,00,
0x455,00,00,00,00,00,00,00,00,
0x082,7F,00,14,38,95,00,40,FF,
0x085,6A,24,00,00,C5,D0,6A,35,
0x07D,04,35,C5,12,1B,1F,F8,01,
0x242,00,23,20,A7,D7,00,00,01,
0x085,6A,24,00,00,C4,E0,6A,35,
0x083,00,E0,80,00,00,02,00,00,
0x230,E0,02,00,00,90,00,00,00,
0x42C,00,40,00,00,49,D0,00,00,
0x085,6A,24,00,00,C3,F0,6A,35,
0x167,72,80,41,10,00,19,FE,00,
0x217,00,00,00,00,00,00,00,00,
0x085,6A,24,00,00,D2,00,6A,35,
0x165,20,C0,00,00,00,00,00,00,
0x186,14,04,02,26,81,F7,00,00,
0x230,E0,02,00,00,90,00,00,00,
0x085,6A,24,00,00,D1,10,6A,35,
0x204,C0,00,7D,01,09,00,00,00,
0x216,EC,4C,D1,3F,AA,00,00,00,
0x3A3,80,00,00,00,00,00,00,00,
0x436,20,00,00,00,00,00,00,00,
0x166,7C,00,00,02,80,00,BB,00,
0x421,00,00,28,00,00,00,35,19,
0x082,7F,00,14,38,95,00,40,FF,
0x085,6A,24,00,00,CF,30,6A,35,
0x077,00,00,08,00,00,08,02,03,
0x041,00,00,00,00,00,00,00,00,
0x085,6A,24,00,00,CE,40,6A,35,
0x04C,10,5F,FF,40,00,00,00,00,
0x230,E0,02,00,00,90,00,00,00,
0x3D4,FF,C1,FE,FF,DF,E0,00,00,
0x085,6A,24,00,00,CD,50,6A,35,
0x167,72,80,42,10,00,19,FF,00,
0x41D,00,00,E0,00,00,00,00,00,
0x091,7E,F1,7F,07,56,AE,F0,00,
0x435,28,20,10,95,53,20,09,42,
0x217,00,00,00,00,00,00,00,00,
0x455,00,00,00,00,00,00,00,00,
0x085,6A,24,00,00,CB,70,6A,35,
0x332,00,51,B7,35,14,00,00,00,
0x214,6F,66,00,00,00,00,24,60,
0x3A3,80,00,00,00,00,00,00,00,
0x085,6A,24,00,00,CA,80,6A,35,
0x165,20,C0,00,00,00,00,00,00,
0x42F,00,00,00,00,00,00,01,0A,
0x42C,00,40,00,00,49,D0,00,00,
0x085,6A,24,00,00,C9,90,6A,35,
0x07D,04,35,BF,72,1A,A0,28,01,
0x041,00,00,00,00,00,00,00,00,
0x085,6A,24,00,00,C8,A0,6A,35,
0x165,20,C0,00,00,00,00,00,00,
0x230,E0,02,00,00,90,00,00,00,
0x3D4,FF,C1,FE,FF,DF,E0,00,00,
0x085,6A,24,00,00,C7,B0,6A,35,
0x047,20,00,00,00,00,00,00,00,
0x41D,00,00,E0,00,00,00,00,00,
0x085,6A,24,00,00,C6,C0,6A,35,
0x436,20,00,00,00,00,00,00,00,
0x179,00,00,00,00,58,1D,08,24,
0x43E,00,73,10,8E,9E,30,E8,60,
0x085,6A,24,00,00,C5,D0,6A,35,
0x091,7E,EA,7F,05,37,D6,F0,00,
0x213,FF,FF,00,0C,01,11,FF,41,
0x3A3,80,00,00,00,00,00,00,00,
0x42B,CB,BE,80,00,00,00,00,00,
0x167,72,80,49,10,00,19,FF,00,
0x3C1,FF,C1,FE,FF,DF,E0,00,00,
0x3D9,FE,00,FF,00,00,00,00,00,
0x085,6A,24,00,00,C3,F0,6A,35,
0x077,00,00,08,00,00,07,FE,02,
0x3E0,00,00,00,00,80,00,00,00,
0x434,21,64,10,00,05,03,00,63,
0x435,28,20,18,9D,53,00,01,42,
0x230,E0,02,00,00,90,00,00,00,
0x3D4,FF,C1,FE,FF,DF,E0,00,00,
0x085,6A,24,00,00,D1,10,6A,35,
0x167,72,80,4A,10,00,19,FF,00,
0x217,00,00,00,00,00,00,00,00,
0x085,6A,24,00,00,D0,20,6A,35,
0x083,00,E0,80,00,00,02,00,00,
0x204,C0,00,7D,01,06,00,00,00,
0x3B4,40,11,11,FF,30,30,00,00,
0x085,6A,24,00,00,CF,30,6A,35,
0x204,C0,00,7D,01,06,00,00,00,
0x214,6F,66,00,00,00,00,1E,C0,
0x416,9F,00,EE,24,00,00,0F,FF,
0x085,6A,24,00,00,CE,40,6A,35,
0x167,72,80,4E,10,00,1A,00,00,
0x42F,00,00,00,00,00,00,01,0A,
0x091,7E,F7,7F,09,03,F9,F0,00,
0x085,6A,24,00,00,CD,50,6A,35,
0x076,3E,6F,C0,00,0F,FF,00,00,
0x41D,00,00,E0,00,00,00,00,00,
0x085,6A,24,00,00,CC,60,6A,35,
0x436,20,00,00,00,00,00,00,00,
0x202,0C,F9,98,00,60,00,00,00,
0x43E,00,73,10,8E,9E,30,E8,60,
0x085,6A,24,00,00,CB,70,6A,35,
0x047,20,00,00,00,00,00,00,00,
0x217,00,00,00,00,00,00,00,00,
0x085,6A,24,00,00,CA,80,6A,35,
0x04C,10,5F,FF,40,00,00,00,00,
0x204,C0,00,7D,01,06,00,00,00,
0x084,16,00,01,50,28,0A,0D,00,
0x085,6A,24,00,00,C9,90,6A,35,
0x204,C0,00,7D,01,06,00,00,00,
0x213,FF,FF,00,0C,01,11,FF,41,
0x3A3,80,00,00,00,00,00,00,00,
0x435,28,20,10,95,53,20,09,42,
0x165,20,C0,00,00,00,00,00,00,
0x455,00,00,00,00,00,00,00,00,
0x082,7F,00,14,3C,93,00,40,FF,
0x085,6A,24,00,00,C7,B0,6A,35,
0x076,3E,6F,C0,00,0F,FF,00,00,
0x4B0,89,00,00,00,00,21,88,CA,
0x085,6A,24,00,00,C6,C0,6A,35,
0x326,81,A0,25,C5,81,C4,00,00,
0x186,14,04,02,26,81,F7,00,00,
0x42C,00,40,00,00,49,D0,00,00,
0x085,6A,24,00,00,C5,D0,6A,35,
0x204,C0,00,7D,01,06,00,00,00,
0x217,00,00,00,00,00,00,00,00,
0x085,6A,24,00,00,C4,E0,6A,35,
0x165,20,C0,00,00,00,00,00,00,
0x204,C0,00,7D,01,06,00,00,00,
0x230,E0,02,00,00,90,00,00,00,
0x085,6A,24,00,00,C3,F0,6A,35,
0x204,C0,00,7D,01,06,00,00,00,
0x07D,04,33,C6,22,19,9F,E8,01,
0x3A3,80,00,00,00,00,00,00,00,
0x085,6A,24,00,00,D2,00,6A,35,
0x165,20,C0,00,00,00,00,00,00,
0x217,00,00,00,00,00,00,00,00,
0x43E,00,73,10,8E,9E,30,E8,5F,
0x085,6A,24,00,00,D1,10,6A,35,
0x076,3E,6F,C0,00,0F,FF,00,00,
0x4B0,89,00,00,00,30,21,78,C9,
0x469,00,00,00,00,00,00,00,00,
0x04C,10,5F,FF,40,00,00,00,00,
0x230,E0,02,00,00,90,00,00,00,
0x3D4,FF,C1,FE,FF,DF,E0,00,00,
0x085,6A,24,00,00,CF,30,6A,35,
0x595,95,00,FF,FF,FF,FF,FF,FF,
0x214,6F,66,00,00,00,00,26,40,
0x085,6A,24,00,00,CE,40,6A,35,
0x435,28,20,18,9D,53,20,09,42,
0x202,0C,FB,88,00,60,00,00,00,
0x455,00,00,00,00,00,00,00,00,
0x085,6A,24,00,00,CD,50,6A,35,
0x332,00,51,B7,35,14,00,00,00,
0x43E,00,73,10,8E,9E,30,F0,5E,
0x3A3,80,00,00,00,00,00,00,00,
0x085,6A,23,00,00,CD,60,6A,35,
0x092,6F,9A,6F,9B,73,54,E9,53,
0x42F,00,00,00,00,00,00,01,09,
0x42C,00,40,00,00,49,D0,00,00,
0x085,6A,24,00,00,CB,70,6A,35,
0x4B0,89,00,00,00,60,21,88,C4,
0x217,00,00,00,00,00,00,00,00,
0x085,6A,24,00,00,CA,80,6A,35,
0x165,20,C0,00,00,00,00,00,00,
0x230,E0,02,00,00,90,00,00,00,
0x3D4,FF,C1,FE,FF,DF,E0,00,00,
0x085,6A,24,00,00,C9,90,6A,35,
0x204,C0,00,7D,01,04,00,00,00,
0x217,00,00,00,00,00,00,00,00,
0x242,00,23,20,A5,D7,00,00,01,
0x085,6A,24,00,00,C8,A0,6A,35,
0x167,72,80,51,10,00,1A,00,00,
0x42D,00,02,BA,00,00,00,F0,00,
0x082,7F,00,14,38,95,00,40,FF,
0x085,6A,24,00,00,C7,B0,6A,35,
0x07D,04,2F,C4,82,17,A0,18,00,
0x3A3,80,00,00,00,00,00,00,00,
0x085,6A,23,00,00,C7,C0,6A,35,
0x04C,10,5F,FF,40,00,00,00,00,
0x42F,00,00,00,00,00,00,01,08,
0x082,7F,00,14,38,94,00,40,FF,
0x085,6A,24,00,00,C5,D0,6A,35,
0x167,72,80,52,10,00,1A,00,00,
0x4B0,89,00,00,00,90,21,80,C2,
0x37B,00,20,08,04,00,00,00,00,
0x435,7C,70,10,D5,53,20,09,42,
0x186,14,04,02,26,81,F7,00,00,
0x3D4,FF,C1,FE,FF,DF,E0,00,00,
0x085,6A,24,00,00,C3,F0,6A,35,
0x332,00,51,B7,35,14,00,00,00,
0x216,EC,4C,D1,3F,AA,00,00,00,
0x041,00,00,00,00,00,00,00,00,
0x083,00,E0,80,00,00,02,00,00,
0x200,00,00,80,4E,80,4E,00,00,
0x230,E0,02,00,00,90,00,00,00,
0x082,7F,00,14,38,95,00,40,FF,
0x085,6A,24,00,00,D1,10,6A,35,
0x07D,04,2E,C2,B2,17,9F,F7,FE,
0x041,00,00,00,00,00,00,00,00,
0x085,6A,24,00,00,D0,20,6A,35,
0x165,20,C0,00,00,00,00,00,00,
0x42F,00,00,00,00,00,00,01,08,
0x091,7E,EA,7F,01,82,8F,F0,00,
0x085,6A,23,00,00,D0,30,6A,35,
0x167,72,80,47,10,00,19,FF,00,
0x4B0,89,00,00,00,C0,21,70,C1,
0x085,6A,24,00,00,CE,40,6A,35,
0x436,20,00,00,00,00,00,00,00,
0x186,14,04,02,26,81,F7,00,00,
0x43E,00,73,10,8E,9E,30,E8,60,
0x085,6A,24,00,00,CD,50,6A,35,
0x091,7E,F1,7F,05,68,9E,F0,00,
0x216,EC,4C,D1,3F,AA,00,00,00,
0x42C,00,40,00,00,49,D0,00,00,
0x04B,00,C0,D8,D8,D8,D8,D8,00,
0x200,00,00,80,4C,80,4C,00,00,
0x230,E0,02,00,00,90,00,00,00,
0x082,7F,00,14,38,94,00,40,FF,
0x085,6A,24,00,00,CB,70,6A,35,
0x333,00,18,00,00,00,00,00,00,
0x041,00,00,00,00,00,00,00,00,
0x430,03,01,4E,87,6F,C1,13,91,
0x446,00,00,00,00,00,00,00,00,
0x42F,00,00,00,00,00,00,01,08,
0x455,00,00,00,00,00,00,00,00,
0x085,6A,24,00,00,C9,90,6A,35,
0x167,72,80,50,10,00,1A,00,00,
0x41D,00,00,E0,00,00,00,00,00,
0x085,6A,23,00,00,C9,A0,6A,35,
0x083,00,E0,80,00,00,02,00,00,
0x204,C0,00,7D,01,05,00,00,00,
0x42C,00,40,00,00,49,D0,00,00,
0x085,6A,24,00,00,C7,B0,6A,35,
0x092,6F,98,6F,9B,73,5B,7B,BC,
0x213,FF,FF,00,0C,01,11,FF,41,
0x41D,00,00,E0,00,00,00,00,00,
0x085,6A,24,00,00,C6,C0,6A,35,
0x200,00,00,80,4F,80,4F,00,00,
0x230,E0,02,00,00,90,00,00,00,
0x091,7E,FA,7F,05,3C,C1,F0,00,
0x085,6A,23,00,00,C6,D0,6A,35,
0x077,00,00,08,00,00,07,FE,02,
0x041,00,00,00,00,00,00,00,00,
0x085,6A,24,00,00,C4,E0,6A,35,
0x436,20,00,00,00,00,00,00,00,
0x202,0C,F1,D8,00,60,00,00,00,
0x43E,00,73,10,8D,9E,30,E0,60,
0x085,6A,24,00,00,C3,F0,6A,35,
0x167,72,80,48,10,00,19,FF,00,
0x415,00,00,C8,FA,0F,FE,0F,FE,
0x085,6A,24,00,00,D2,00,6A,35,
0x04C,10,5F,FF,40,00,00,00,00,
0x217,00,00,00,00,00,00,00,00,
0x3D4,FF,C1,FE,FF,DF,E0,00,00,
0x085,6A,24,00,00,D1,10,6A,35,
0x204,C0,00,7D,01,07,00,00,00,
0x214,6F,66,00,00,00,00,27,30,
0x242,00,23,20,A7,D7,00,00,01,
0x435,28,20,10,95,53,28,09,42,
0x167,72,80,48,10,00,19,FF,00,
0x455,00,00,00,00,00,00,00,00,
0x082,7F,00,14,38,93,00,40,FF,
0x085,6A,24,00,00,CF,30,6A,35,
0x076,3E,6F,C0,00,0F,FF,00,00,
0x41D,00,00,E0,00,00,00,00,00,
0x085,6A,24,00,00,CE,40,6A,35,
0x083,00,E0,80,00,00,02,00,00,
0x217,00,00,00,00,00,00,00,00,
0x42C,00,40,00,00,49,D0,00,00,
0x085,6A,24,00,00,CD,50,6A,35,
0x047,20,00,00,00,00,00,00,00,
0x217,00,00,00,00,00,00,00,00,
0x085,6A,24,00,00,CC,60,6A,35,
0x165,20,C0,00,00,00,00,00,00,
0x204,C0,00,7D,01,07,00,00,00,
0x3D4,FF,C1,FE,FF,DF,E0,00,00,
0x085,6A,24,00,00,CB,70,6A,35,
0x204,C0,00,7D,01,07,00,00,00,
0x214,6F,66,00,00,00,00,24,60,
0x041,00,00,00,00,00,00,00,00,
0x085,6A,24,00,00,CA,80,6A,35,
0x156,98,00,00,00,03,00,00,00,
0x421,00,00,28,00,00,00,35,19,
0x43E,00,73,10,8D,9E,30,E0,5F,
0x085,6A,24,00,00,C9,90,6A,35,
0x076,3E,6F,C0,00,0F,FF,00,00,
0x41D,00,00,E0,00,00,00,00,00,
0x469,00,00,00,00,00,00,00,00,
0x04C,10,5F,FF,40,00,00,00,00,
0x230,E0,02,00,00,90,00,00,00,
0x42F,00,00,00,00,00,00,01,08,
0x085,6A,24,00,00,C7,B0,6A,35,
0x047,20,00,00,00,00,00,00,00,
0x415,00,00,E0,F4,0F,FE,0F,FE,
0x37B,00,20,08,04,00,00,00,00,
0x435,28,20,18,9D,53,20,09,42,
0x204,C0,00,7D,01,07,00,00,00,
0x3D4,FF,C1,FE,FF,DF,E0,00,00,
0x085,6A,24,00,00,C5,D0,6A,35,
0x332,00,51,B7,35,14,00,00,00,
0x213,FF,FF,00,0C,01,11,FF,41,
0x242,00,23,20,A5,D7,00,00,01,
0x326,81,A0,25,C6,81,C4,00,00,
0x165,20,C0,00,00,00,00,00,00,
0x230,E0,02,00,00,90,00,00,00,
0x42C,00,40,00,00,49,D0,00,00,
0x085,6A,24,00,00,C3,F0,6A,35,
0x076,3E,6F,C0,00,0F,FF,00,00,
0x3D4,FF,C1,FE,FF,DF,E0,00,00,
0x085,6A,24,00,00,D2,00,6A,35,
0x092,6F,97,6F,9C,73,63,0A,25,
0x230,E0,02,00,00,90,00,00,00,
0x091,7E,F1,7F,07,DF,25,F0,00,
0x085,6A,23,00,00,D2,10,6A,35,
0x204,C0,00,7D,01,05,00,00,00,
0x217,00,00,00,00,00,00,00,00,
0x085,6A,24,00,00,D0,20,6A,35,
0x436,20,00,00,00,00,00,00,00,
0x167,72,80,4E,10,00,1A,00,00,
0x424,00,00,00,01,00,00,00,00,
0x085,6A,24,00,00,CF,30,6A,35,
0x091,7E,F7,7F,07,CA,34,F0,00,
0x4B0,89,00,00,00,C0,21,70,C1,
0x42C,00,40,00,00,49,D0,00,00,
0x04A,02,00,00,00,00,00,00,C0,
0x165,20,C0,00,00,00,00,00,00,
0x230,E0,02,00,00,90,00,00,00,
0x082,7F,00,14,38,94,00,40,FF,
0x085,6A,24,00,00,CD,50,6A,35,
0x076,3E,6F,C0,00,0F,FF,00,00,
0x4B0,89,00,00,00,D0,21,78,BF,
0x434,21,63,14,00,05,03,00,63,
0x435,28,20,10,95,53,20,09,42,
0x217,00,00,00,00,00,00,00,00,
0x455,00,00,00,00,00,00,00,00,
0x085,6A,24,00,00,CB,70,6A,35,
0x204,C0,00,7D,01,04,00,00,00,
0x217,00,00,00,00,00,00,00,00,
0x085,6A,24,00,00,CA,80,6A,35,
0x083,00,E0,80,00,00,02,00,00,
0x200,00,00,80,52,80,52,00,00,
0x3D4,FF,C1,FE,FF,DF,E0,00,00,
0x085,6A,24,00,00,C9,90,6A,35,
0x204,C0,00,7D,01,05,00,00,00,
0x07D,04,2F,BD,F2,17,20,18,01,
0x242,00,23,20,A5,D7,00,00,01,
0x085,6A,24,00,00,C8,A0,6A,35,
0x165,20,C0,00,00,00,00,00,00,
0x230,E0,02,00,00,90,00,00,00,
0x092,6F,98,6F,99,73,63,DA,57,
0x085,6A,24,00,00,C7,B0,6A,35,
0x4B0,89,00,00,00,00,21,78,CC,
0x415,00,00,C0,FC,0F,FE,0F,FE,
0x085,6A,24,00,00,C6,C0,6A,35,
0x165,20,C0,00,00,00,00,00,00,
0x186,14,04,02,26,81,F7,00,00,
0x43D,00,2B,59,70,00,00,00,00,
0x085,6A,24,00,00,C5,D0,6A,35,
0x091,7E,FA,7F,09,93,66,F0,00,
0x216,EC,4C,D1,3F,AA,00,00,00,
0x468,00,00,00,00,00,00,00,00,
0x04C,10,5F,FF,40,00,00,00,00,
0x202,0C,F1,D8,00,60,00,00,00,
0x230,E0,02,00,00,90,00,00,00,
0x085,6A,23,00,00,C4,F0,6A,35,
0x204,C0,00,7D,01,06,00,00,00,
0x077,00,00,08,01,00,07,FE,02,
0x041,00,00,00,00,00,00,00,00,
0x435,28,20,1D,9D,53,20,09,42,
0x165,20,C0,00,00,00,00,00,00,
0x455,00,00,00,00,00,00,00,00,
0x082,7F,00,14,38,95,00,40,FF,
0x085,6A,24,00,00,D1,10,6A,35,
0x43D,00,2B,5A,70,00,00,00,00,
0x415,00,00,CC,F9,0F,FE,0F,FE,
0x085,6A,23,00,00,D1,20,6A,35,
0x083,00,E0,80,00,00,02,00,00,
0x186,14,04,02,26,81,F7,00,00,
0x42C,00,40,00,00,49,D0,00,00,
0x085,6A,23,00,00,D0,30,6A,35,
0x204,C0,00,7D,01,06,00,00,00,
0x216,EC,4C,D1,3F,AA,00,00,00,
0x41D,00,00,E0,00,00,00,00,00,
0x085,6A,23,00,00,CF,40,6A,35,
0x202,0C,FB,88,00,60,00,00,00,
0x3D4,FF,C1,FE,FF,DF,E0,00,00,
0x082,7F,00,14,38,94,00,40,FF,
0x085,6A,23,00,00,CE,50,6A,35,
0x077,00,00,08,00,00,07,FE,03,
0x041,00,00,00,00,00,00,00,00,
0x085,6A,24,00,00,CC,60,6A,35,
0x165,20,C0,00,00,00,00,00,00,
0x217,00,00,00,00,00,00,00,00,
0x43E,00,73,10,8D,9E,30,E0,60,
0x085,6A,23,00,00,CC,70,6A,35,
0x167,72,80,4E,10,00,1A,00,00,
0x3D4,FF,C1,FE,FF,DF,E0,00,00,
0x085,6A,24,00,00,CA,80,6A,35,
0x04C,10,5F,FF,40,00,00,00,00,
0x217,00,00,00,00,00,00,00,00,
0x42F,00,00,00,00,00,00,01,07,
0x085,6A,24,00,00,C9,90,6A,35,
0x204,C0,00,7D,01,04,00,00,00,
0x216,EC,4C,D1,3F,AA,00,00,00,
0x091,7E,F1,7F,09,60,A2,F0,00,
0x435,28,20,10,95,53,20,09,42,
0x200,00,00,80,4E,80,4E,00,00,
0x3D4,FF,C1,FE,FF,DF,E0,00,00,
0x082,7F,00,14,38,94,00,40,FF,
0x085,6A,23,00,00,C8,B0,6A,35,
0x07D,04,2D,C6,82,16,9F,C8,00,
0x041,00,00,00,00,00,00,00,00,
0x085,6A,24,00,00,C6,C0,6A,35,
0x091,7E,F7,7F,03,51,B1,F0,00,
0x230,E0,02,00,00,90,00,00,00,
0x35E,00,C0,00,00,00,85,30,00,
0x085,6A,24,00,00,C5,D0,6A,35,
0x167,72,80,53,10,00,19,FF,00,
0x217,00,00,00,00,00,00,00,00,
0x085,6A,23,00,00,C5,E0,6A,35,
0x165,20,C0,00,00,00,00,00,00,
0x217,00,00,00,00,00,00,00,00,
0x42F,00,00,00,00,00,00,01,07,
0x085,6A,23,00,00,C4,F0,6A,35,
0x204,C0,00,7D,01,05,00,00,00,
0x214,6F,66,00,00,00,00,20,A0,
0x092,6F,97,6F,9C,73,62,70,C0,
0x085,6A,23,00,00,D3,00,6A,35,
0x166,7C,00,00,02,80,00,BB,00,
0x424,00,00,00,01,00,00,00,00,
0x581,81,00,FF,FF,FF,FF,FF,FF,
0x085,6A,24,00,00,D1,10,6A,35,
0x077,00,00,08,00,00,07,FE,02,
0x041,00,00,00,00,00,00,00,00,
0x3EB,47,14,14,00,00,2A,02,40,
0x469,00,00,00,00,00,00,00,00,
0x230,E0,02,00,00,90,00,00,00,
0x3D8,00,01,08,0C,80,05,F0,10,
0x085,6A,23,00,00,D0,30,6A,35,
0x167,72,80,47,10,00,19,FF,00,
0x3D4,FF,C1,FE,FF,DF,E0,00,00,
0x085,6A,24,00,00,CE,40,6A,35,
0x435,28,20,18,99,53,00,00,40,
0x204,C0,00,7D,01,07,00,00,00,
0x455,00,00,00,00,00,00,00,00,
0x085,6A,23,00,00,CE,50,6A,35,
0x332,00,51,B7,36,14,00,00,00,
0x214,6F,66,00,00,00,00,1D,D0,
0x242,00,23,20,A7,D7,00,00,01,
0x083,00,E0,80,00,00,02,00,00,
0x165,20,C0,00,00,00,00,00,00,
0x230,E0,02,00,00,90,00,00,00,
0x42C,00,40,00,00,49,D0,00,00,
0x085,6A,23,00,00,CC,70,6A,35,
0x076,3E,6F,C0,00,0F,FF,00,00,
0x415,00,00,F8,EE,0F,FE,0F,FE,
0x085,6A,23,00,00,CB,80,6A,35,
0x165,20,C0,00,00,00,00,00,00,
0x186,14,04,02,26,81,F7,00,00,
0x091,7E,F7,7F,07,11,ED,F0,00,
0x085,6A,24,00,00,C9,90,6A,35,
0x047,20,00,00,00,00,00,00,00,
0x217,00,00,00,00,00,00,00,00,
0x085,6A,24,00,00,C8,A0,6A,35,
0x092,6F,97,6F,9A,73,5E,3F,F7,
0x178,00,00,02,01,0E,41,86,41,
0x42F,00,00,00,00,00,00,01,07,
0x085,6A,23,00,00,C8,B0,6A,35,
0x091,7E,FA,7F,05,01,FC,F0,00,
0x213,FF,FF,00,0C,01,11,FF,41,
0x42B,CB,BE,80,00,00,00,00,00,
0x04B,00,C0,D8,D8,D8,D8,D8,00,
0x167,72,80,46,10,00,19,FE,00,
0x186,14,04,02,26,81,F7,00,00,
0x084,16,00,01,50,28,0B,0D,00,
0x085,6A,24,00,00,C5,D0,6A,35,
0x077,00,00,08,00,00,07,FE,02,
0x4B0,89,00,00,00,10,21,60,CE,
0x435,28,20,10,95,53,20,09,42,
0x165,20,C0,00,00,00,00,00,00,
0x230,E0,02,00,00,90,00,00,00,
0x455,00,00,00,00,00,00,00,00,
0x085,6A,24,00,00,C3,F0,6A,35,
0x047,20,00,00,00,00,00,00,00,
0x217,00,00,00,00,00,00,00,00,
0x085,6A,23,00,00,D3,00,6A,35,
0x326,81,A0,25,C6,81,C4,00,00,
0x200,00,00,80,47,80,47,00,00,
0x42F,00,00,00,00,00,00,01,07,
0x085,6A,23,00,00,D2,10,6A,35,
0x204,C0,00,7D,01,08,00,00,00,
0x213,FF,FF,00,0C,01,11,FF,41,
0x41D,00,00,E0,00,00,00,00,00,
0x085,6A,23,00,00,D1,20,6A,35,
0x165,20,C0,00,00,00,00,00,00,
0x186,14,04,02,26,81,F7,00,00,
0x091,7E,F7,7F,01,E5,1F,F0,00,
0x085,6A,23,00,00,D0,30,6A,35,
0x42F,00,00,00,00,00,00,01,07,
0x41D,00,00,E0,00,00,00,00,00,
0x085,6A,24,00,00,CE,40,6A,35,
0x165,20,C0,00,00,00,00,00,00,
0x202,0C,FB,88,00,60,00,00,00,
0x092,6F,97,6F,9C,73,59,10,29,
0x085,6A,23,00,00,CE,50,6A,35,
0x204,C0,00,7D,01,07,00,00,00,
0x217,00,00,00,00,00,00,00,00,
0x468,00,00,00,00,00,00,00,00,
0x04C,10,5F,FF,40,00,00,00,00,
0x202,0C,F9,98,00,60,00,00,00,
0x42F,00,00,00,00,00,00,01,07,
0x085,6A,23,00,00,CC,70,6A,35,
0x595,95,00,FF,FF,FF,FF,FF,FF,
0x07D,04,29,CC,62,15,20,08,00,
0x041,00,00,00,00,00,00,00,00,
0x435,28,20,18,9D,53,20,09,42,
0x165,20,C0,00,00,00,00,00,00,
0x455,00,00,00,00,00,00,00,00,
0x3D4,FF,C1,FE,FF,DF,E0,00,00,
0x085,6A,24,00,00,C9,90,6A,35,
0x42F,00,00,00,00,00,00,01,07,
0x43E,00,73,10,8D,9E,30,E8,60,
0x085,6A,23,00,00,C9,A0,6A,35,
0x091,7E,F4,7E,FF,C3,47,F0,00,
0x186,14,04,02,26,81,F7,00,00,
0x42C,00,40,00,00,49,D0,00,00,
0x085,6A,23,00,00,C8,B0,6A,35,
0x204,C0,00,7D,01,08,00,00,00,
0x217,00,00,00,00,00,00,00,00,
0x085,6A,23,00,00,C7,C0,6A,35,
0x165,20,C0,00,00,00,00,00,00,
0x202,0C,F3,C8,00,60,00,00,00,
0x42F,00,00,00,00,00,00,01,07,
0x085,6A,23,00,00,C6,D0,6A,35,
0x204,C0,00,7D,01,07,00,00,00,
0x07D,04,29,C9,92,14,A0,28,01,
0x242,00,23,20,A9,D7,00,00,01,
0x085,6A,24,00,00,C4,E0,6A,35,
0x165,20,C0,00,00,00,00,00,00,
0x230,E0,02,00,00,90,00,00,00,
0x43E,00,73,10,8D,9E,30,E0,5E,
0x085,6A,24,00,00,C3,F0,6A,35,
0x171,A5,20,A0,00,00,00,00,00,
0x41D,00,00,E0,00,00,00,00,00,
0x085,6A,23,00,00,D3,00,6A,35,
0x04C,10,5F,FF,40,00,00,00,00,
0x186,14,04,02,26,81,F7,00,00,
0x082,7F,00,14,38,94,00,40,FF,
0x085,6A,24,00,00,D1,10,6A,35,
0x3DA,00,00,00,00,00,00,00,00,
0x216,EC,4C,D1,3F,AA,00,00,00,
0x263,D0,00,FF,FF,01,00,00,00,
0x435,7C,70,10,D5,53,20,09,42,
0x200,00,00,80,45,80,45,00,00,
0x455,00,00,00,00,00,00,00,00,
0x085,6A,23,00,00,D0,30,6A,35,
0x332,00,51,B7,36,14,00,00,00,
0x07D,04,2A,C5,C2,14,A0,08,00,
0x041,00,00,00,00,00,00,00,00,
0x085,6A,23,00,00,CF,40,6A,35,
0x091,7E,F1,7F,05,8D,79,F0,00,
0x186,14,04,02,26,81,F7,00,00,
0x42C,00,40,00,00,49,D0,00,00,
0x085,6A,24,00,00,CD,50,6A,35,
0x171,A5,20,A0,00,00,00,00,00,
0x217,00,00,00,00,00,00,00,00,
0x085,6A,24,00,00,CC,60,6A,35,
0x165,20,C0,00,00,00,00,00,00,
0x230,E0,02,00,00,90,00,00,00,
0x091,7E,EE,7F,05,86,83,F0,00,
0x085,6A,23,00,00,CC,70,6A,35,
0x204,C0,00,7D,01,06,00,00,00,
0x216,EC,4C,D1,3F,AA,00,00,00,
0x3A3,80,00,00,00,00,00,00,00,
0x085,6A,23,00,00,CB,80,6A,35,
0x166,7C,00,00,02,80,00,BB,00,
0x421,00,00,28,00,00,00,35,19,
0x082,7F,00,14,38,93,00,40,FF,
0x091,7E,F4,7F,03,73,92,F0,00,
0x07D,04,29,C3,F2,14,9F,F8,00,
0x242,00,23,20,A6,D7,00,00,01,
0x04A,02,00,00,00,00,00,00,C0,
0x04C,10,5F,FF,40,00,00,00,00,
0x186,14,04,02,26,81,F7,00,00,
0x3D4,FF,C1,FE,FF,DF,E0,00,00,
0x085,6A,24,00,00,C7,B0,6A,35,
0x171,A5,20,A0,00,00,00,00,00,
0x4B0,89,00,00,00,00,21,48,D2,
0x386,00,00,00,00,00,00,00,00,
0x43A,00,5C,00,00,00,00,00,00,
0x230,E0,02,00,00,90,00,00,00,
0x455,00,00,00,00,00,00,00,00,
0x085,6A,24,00,00,C5,D0,6A,35,
0x332,00,51,B7,36,14,00,00,00,
0x214,6F,66,00,00,00,00,29,10,
0x3A3,80,00,00,00,00,00,00,00,
0x083,00,E0,80,00,00,02,00,00,
0x171,A5,20,A0,00,00,00,00,00,
0x42F,00,00,00,00,00,00,01,07,
0x082,7F,00,14,38,94,00,40,FF,
0x085,6A,23,00,00,C4,F0,6A,35,
0x077,00,00,08,00,00,07,FE,03,
0x416,9D,00,F0,24,00,00,0F,FF,
0x085,6A,24,00,00,D2,00,6A,35,
0x165,20,C0,00,00,00,00,00,00,
0x186,14,04,02,26,81,F7,00,00,
0x091,7E,EE,7F,03,56,B5,F0,00,
0x085,6A,23,00,00,D2,10,6A,35,
0x167,72,80,4E,10,00,19,FE,00,
0x415,00,00,CC,F9,0F,FE,0F,FE,
0x085,6A,24,00,00,D0,20,6A,35,
0x165,20,C0,00,00,00,00,00,00,
0x200,00,00,80,45,80,45,00,00,
0x43E,00,73,10,8D,9E,30,E0,61,
0x085,6A,23,00,00,D0,30,6A,35,
0x091,7E,F1,7F,03,44,C4,F0,00,
0x214,6F,66,00,00,00,00,26,40,
0x3B8,FF,FF,FF,FF,00,00,00,00,
0x04C,10,5F,FF,40,00,00,00,00,
0x171,A5,20,A0,00,00,00,00,00,
0x42F,00,00,00,00,00,00,01,07,
0x082,7F,00,14,38,95,00,40,FF,
0x085,6A,24,00,00,CD,50,6A,35,
0x333,00,18,00,00,00,00,00,00,
0x041,00,00,00,00,00,00,00,00,
0x435,28,20,10,95,53,28,09,42,
0x165,20,C0,00,00,00,00,00,00,
0x186,14,04,02,26,81,F7,00,00,
0x3D4,FF,C1,FE,FF,DF,E0,00,00,
0x085,6A,24,00,00,CB,70,6A,35,
0x167,72,80,44,10,00,19,FE,00,
0x415,00,00,D8,F6,0F,FE,0F,FE,
0x085,6A,23,00,00,CB,80,6A,35,
0x083,00,E0,80,00,00,02,00,00,
0x217,00,00,00,00,00,00,00,00,
0x42C,00,40,00,00,49,D0,00,00,
0x085,6A,24,00,00,C9,90,6A,35,
0x204,C0,00,7D,01,09,00,00,00,
0x214,6F,66,00,00,00,00,23,70,
0x3B5,01,39,01,39,01,39,01,35,
0x085,6A,24,00,00,C8,A0,6A,35,
0x167,72,80,3B,10,00,19,FD,00,
0x42F,00,00,00,00,00,00,01,07,
0x091,7E,F1,7F,03,21,E7,F0,00,
0x085,6A,23,00,00,C8,B0,6A,35,
0x077,00,00,08,00,00,07,FE,02,
0x041,00,00,00,00,00,00,00,00,
0x085,6A,23,00,00,C7,C0,6A,35,
0x165,20,C0,00,00,00,00,00,00,
0x204,C0,00,7D,01,09,00,00,00,
0x43E,00,73,10,8D,9E,30,E0,60,
0x085,6A,23,00,00,C6,D0,6A,35,
0x047,20,00,00,00,00,00,00,00,
0x415,00,00,E4,F3,0F,FE,0F,FE,
0x468,00,00,00,00,00,00,00,00,
0x04C,10,5F,FF,40,00,00,00,00,
0x217,00,00,00,00,00,00,00,00,
0x092,6F,97,6F,99,73,5B,3F,FB,
0x085,6A,23,00,00,C4,F0,6A,35,
0x204,C0,00,7D,01,0B,00,00,00,
0x213,FF,FF,00,0C,01,11,FF,41,
0x263,D0,00,FF,FF,01,00,00,00,
0x435,28,20,18,9D,53,20,09,42,
0x167,72,80,3A,10,00,19,FD,00,
0x455,00,00,00,00,00,00,00,00,
0x082,7F,00,14,38,95,00,40,FF,
0x332,00,51,B7,36,14,00,00,00,
0x076,3E,6F,C0,00,0F,FF,00,00,
0x41D,00,00,E0,00,00,00,00,00,
0x085,6A,24,00,00,D0,20,6A,35,
0x091,7E,F1,7F,07,F5,0F,F0,00,
0x186,14,04,02,26,81,F7,00,00,
0x42C,00,40,00,00,49,D0,00,00,
0x085,6A,24,00,00,CF,30,6A,35,
0x204,C0,00,7D,01,0B,00,00,00,
0x217,00,00,00,00,00,00,00,00,
0x085,6A,24,00,00,CE,40,6A,35,
0x165,20,C0,00,00,00,00,00,00,
0x204,C0,00,7D,01,0C,00,00,00,
0x091,7E,F1,7F,09,E9,19,F0,00,
0x085,6A,24,00,00,CD,50,6A,35,
0x204,C0,00,7D,01,0C,00,00,00,
0x213,FF,FF,00,0C,01,11,FF,41,
0x3A3,80,00,00,00,00,00,00,00,
0x085,6A,23,00,00,CD,60,6A,35,
0x156,98,00,00,00,03,00,00,00,
0x230,E0,02,00,00,90,00,00,00,
0x43E,00,73,10,8D,9E,30,D8,60,
0x085,6A,24,00,00,CB,70,6A,35,
0x076,3E,6F,C0,00,0F,FF,00,00,
0x4B0,89,00,00,00,E0,21,30,C7,
0x085,6A,24,00,00,CA,80,6A,35,
0x04C,10,5F,FF,40,00,00,00,00,
0x186,14,04,02,26,81,F7,00,00,
0x3D4,FF,C1,FE,FF,DF,E0,00,00,
0x085,6A,23,00,00,CA,90,6A,35,
0x047,20,00,00,00,00,00,00,00,
0x217,00,00,00,00,00,00,00,00,
0x085,6A,24,00,00,C8,A0,6A,35,
0x435,28,20,10,95,53,20,09,42,
0x204,C0,00,7D,01,0E,00,00,00,
0x455,00,00,00,00,00,00,00,00,
0x085,6A,23,00,00,C8,B0,6A,35,
0x332,00,51,B7,36,14,00,00,00,
0x4B0,89,00,00,00,00,21,48,D2,
0x3A3,80,00,00,00,00,00,00,00,
0x326,81,A0,25,C6,81,C4,00,00,
0x165,20,C0,00,00,00,00,00,00,
0x42F,00,00,00,00,00,00,01,08,
0x42C,00,40,00,00,49,D0,00,00,
0x085,6A,23,00,00,C6,D0,6A,35,
0x4B0,89,00,00,00,10,21,20,D6,
0x415,00,00,C4,FB,0F,FE,0F,FE,
0x085,6A,23,00,00,C5,E0,6A,35,
0x165,20,C0,00,00,00,00,00,00,
0x186,14,04,02,26,81,F7,00,00,
0x091,7E,F7,7F,03,B7,4B,F0,00,
0x085,6A,23,00,00,C4,F0,6A,35,
0x204,C0,00,7D,01,0D,00,00,00,
0x216,EC,4C,D1,3F,AA,00,00,00,
0x085,6A,23,00,00,D3,00,6A,35,
0x165,20,C0,00,00,00,00,00,00,
0x178,00,00,01,FF,0E,41,86,41,
0x436,20,00,00,00,00,00,00,00,
0x085,6A,23,00,00,D2,10,6A,35,
0x091,7E,FA,7F,09,9F,5A,F0,00,
0x07D,04,28,D0,32,13,A0,08,01,
0x3A3,80,00,00,00,00,00,00,00,
0x04B,00,C0,D8,D8,D8,D8,D8,00,
0x165,20,C0,00,00,00,00,00,00,
0x42F,00,00,00,00,00,00,01,08,
0x082,7F,00,14,38,94,00,40,FF,
0x085,6A,23,00,00,D0,30,6A,35,
0x4B0,89,00,00,00,40,21,30,D1,
0x41D,00,00,E0,00,00,00,00,00,
0x435,28,20,1D,9D,53,20,09,42,
0x165,20,C0,00,00,00,00,00,00,
0x186,14,04,02,26,81,F7,00,00,
0x3D4,FF,C1,FE,FF,DF,E0,00,00,
0x085,6A,24,00,00,CD,50,6A,35,
0x332,00,51,B7,37,14,00,00,00,
0x214,6F,66,00,00,00,00,25,50,
0x085,6A,23,00,00,CD,60,6A,35,
0x326,81,A0,25,C6,81,C4,00,00,
0x202,0C,F9,98,00,60,00,00,00,
0x186,14,04,02,26,81,F7,00,00,
0x085,6A,23,00,00,CC,70,6A,35,
0x204,C0,00,7D,01,0B,00,00,00,
0x07D,04,26,CF,62,12,A0,08,00,
0x3A3,80,00,00,00,00,00,00,00,
0x085,6A,24,00,00,CA,80,6A,35,
0x165,20,C0,00,00,00,00,00,00,
0x42F,00,00,00,00,00,00,01,09,
0x091,7E,FA,7F,01,84,7D,F0,00,
0x085,6A,24,00,00,C9,90,6A,35,
0x4B0,89,00,00,00,70,21,20,D0,
0x41D,00,00,E0,00,00,00,00,00,
0x085,6A,24,00,00,C8,A0,6A,35,
0x165,20,C0,00,00,00,00,00,00,
0x186,14,04,02,26,81,F7,00,00,
0x43E,00,73,10,8E,9E,30,D8,62,
0x085,6A,24,00,00,C7,B0,6A,35,
0x091,7E,F1,7F,05,7A,8C,F0,00,
0x216,EC,4C,D1,3F,AA,00,00,00,
0x42C,00,40,00,00,49,D0,00,00,
0x04C,10,5F,FF,40,00,00,00,00,
0x202,0C,F3,C8,00,60,00,00,00,
0x186,14,04,02,26,81,F7,00,00,
0x082,7F,00,14,38,95,00,40,FF,
0x085,6A,23,00,00,C6,D0,6A,35,
0x333,00,18,00,00,00,00,00,00,
0x242,00,23,20,A8,D7,00,00,01,
0x435,28,20,10,95,53,20,09,42,
0x092,6F,9A,6F,9B,73,4F,A6,9B,
0x455,00,00,00,00,00,00,00,00,
0x082,7F,00,14,38,94,00,40,FF,
0x085,6A,24,00,00,C3,F0,6A,35,
0x167,72,80,43,10,00,19,FE,00,
0x41D,00,00,E0,00,00,00,00,00,
0x085,6A,24,00,00,D2,00,6A,35,
0x091,7E,F1,7F,05,61,A5,F0,00,
0x230,E0,02,00,00,90,00,00,00,
0x42C,00,40,00,00,49,D0,00,00,
0x085,6A,24,00,00,D1,10,6A,35,
0x204,C0,00,7D,01,07,00,00,00,
0x214,6F,66,00,00,00,00,1F,B0,
0x41D,00,00,E0,00,00,00,00,00,
0x085,6A,23,00,00,D1,20,6A,35,
0x200,00,00,80,45,80,45,00,00,
0x186,14,04,02,26,81,F7,00,00,
0x082,7F,00,14,38,94,00,40,FF,
0x085,6A,23,00,00,D0,30,6A,35,
0x07D,04,24,CB,C2,13,1F,E7,FE,
0x3A3,80,00,00,00,00,00,00,00,
0x085,6A,23,00,00,CF,40,6A,35,
0x165,20,C0,00,00,00,00,00,00,
0x204,C0,00,7D,01,08,00,00,00,
0x581,81,00,FF,FF,FF,FF,FF,FF,
0x085,6A,23,00,00,CE,50,6A,35,
0x167,72,80,43,10,00,19,FF,00,
0x41D,00,00,E0,00,00,00,00,00,
0x3B9,FF,00,00,00,00,00,00,00,
0x447,20,00,00,00,00,A0,00,00,
0x230,E0,02,00,00,90,00,00,00,
0x3C2,FF,C1,FE,FF,DF,E0,00,00,
0x3D9,FE,00,FF,00,00,00,00,00,
0x204,C0,00,7D,01,08,00,00,00,
0x214,6F,66,00,00,00,00,1C,E0,
0x430,05,01,4E,87,6F,C1,04,00,
0x435,28,20,18,99,53,00,00,40,
0x200,00,00,80,44,80,44,00,00,
0x455,00,00,00,00,00,00,00,00,
0x082,7F,00,14,38,94,00,40,FF,
0x332,00,51,B7,37,14,00,00,00,
0x077,00,00,08,00,00,07,FE,02,
0x041,00,00,00,00,00,00,00,00,
0x085,6A,23,00,00,C9,A0,6A,35,
0x091,7E,F7,7F,07,27,D7,F0,00,
0x42F,00,00,00,00,00,00,01,08,
0x42C,00,40,00,00,49,D0,00,00,
0x085,6A,23,00,00,C8,B0,6A,35,
0x167,72,80,4B,10,00,19,FF,00,
0x217,00,00,00,00,00,00,00,00,
0x085,6A,23,00,00,C7,C0,6A,35,
0x165,20,C0,00,00,00,00,00,00,
0x217,00,00,00,00,00,00,00,00,
0x091,7E,F7,7F,05,1F,E1,F0,00,
0x085,6A,24,00,00,C5,D0,6A,35,
0x204,C0,00,7D,01,07,00,00,00,
0x213,FF,FF,00,0C,01,11,FF,41,
0x3C7,00,00,40,00,00,00,00,00,
0x085,6A,23,00,00,C5,E0,6A,35,
0x166,7C,00,00,02,80,00,BB,00,
0x424,00,00,00,01,00,00,00,00,
0x43E,00,73,10,8E,9E,30,D8,60,
0x091,7E,F4,7F,09,0F,F0,F0,00,
0x077,00,00,08,00,00,07,FE,02,
0x041,00,00,00,00,00,00,00,00,
0x04A,02,00,00,00,00,00,00,C0,
0x04C,10,5F,FF,40,00,00,00,00,
0x42F,00,00,00,00,00,00,01,08,
0x084,16,00,01,50,28,0C,0D,00,
0x085,6A,23,00,00,D2,10,6A,35,
0x167,72,80,4A,10,00,1A,00,00,
0x415,00,00,CC,F9,0F,FE,0F,FE,
0x085,6A,24,00,00,D0,20,6A,35,
0x435,28,20,10,95,53,20,09,42,
0x217,00,00,00,00,00,00,00,00,
0x3D4,FF,C1,FE,FF,DF,E0,00,00,
0x085,6A,23,00,00,D0,30,6A,35,
0x092,6F,97,6F,9A,73,62,2E,04,
0x213,FF,FF,00,0C,01,11,FF,41,
0x041,00,00,00,00,00,00,00,00,
0x083,00,E0,80,00,00,02,00,00,
0x167,72,80,4D,10,00,19,FF,00,
0x186,14,04,02,26,81,F7,00,00,
0x42C,00,40,00,00,49,D0,00,00,
0x085,6A,24,00,00,CD,50,6A,35,
0x076,3E,6F,C0,00,0F,FF,00,00,
0x415,00,00,D4,F7,0F,FE,0F,FE,
0x085,6A,23,00,00,CD,60,6A,35,
0x165,20,C0,00,00,00,00,00,00,
0x230,E0,02,00,00,90,00,00,00,
0x091,7E,F1,7F,07,F1,13,F0,00,
0x085,6A,23,00,00,CC,70,6A,35,
0x047,20,00,00,00,00,00,00,00,
0x415,00,00,D8,F6,0F,FE,0F,FE,
0x085,6A,23,00,00,CB,80,6A,35,
0x165,20,C0,00,00,00,00,00,00,
0x179,00,00,00,00,58,1D,08,44,
0x43D,00,2D,5A,72,00,00,00,00,
0x085,6A,23,00,00,CA,90,6A,35,
0x091,7E,F4,7F,05,E1,22,F0,00,
0x4B0,89,00,00,00,70,21,38,CD,
0x40A,C0,00,00,3C,42,24,61,00,
0x04C,10,5F,FF,40,00,00,00,00,
0x167,72,80,43,10,00,19,FE,00,
0x186,14,04,02,26,81,F7,00,00,
0x082,7F,00,14,38,93,00,40,FF,
0x085,6A,23,00,00,C8,B0,6A,35,
0x076,3E,6F,C0,00,0F,FF,00,00,
0x415,00,00,E0,F4,0F,FE,0F,FE,
0x435,28,20,18,9D,53,20,09,42,
0x165,20,C0,00,00,00,00,00,00,
0x230,E0,02,00,00,90,00,00,00,
0x455,00,00,00,00,00,00,00,00,
0x085,6A,23,00,00,C6,D0,6A,35,
0x047,20,00,00,00,00,00,00,00,
0x217,00,00,00,00,00,00,00,00,
0x085,6A,24,00,00,C4,E0,6A,35,
0x091,7E,F4,7F,0B,C2,3B,F0,00,
0x204,C0,00,7D,01,08,00,00,00,
0x3D4,FF,C1,FE,FF,DF,E0,00,00,
0x085,6A,23,00,00,C4,F0,6A,35,
0x204,C0,00,7D,01,06,00,00,00,
0x4B0,89,00,00,00,A0,21,20,CD,
0x41D,00,00,E0,00,00,00,00,00,
0x085,6A,24,00,00,D2,00,6A,35,